{"level":"info","message":"MongoDB connection established","timestamp":"2025-02-15T05:51:10.741Z"}
{"level":"info","message":"MongoDB connection established","timestamp":"2025-02-15T05:55:14.383Z"}
{"level":"info","message":"MongoDB connection established","timestamp":"2025-02-15T06:02:38.476Z"}
{"level":"info","message":"MongoDB connection established","timestamp":"2025-02-15T06:04:39.892Z"}
{"level":"error","message":"testing","stack":"Error: testing\n    at E:\\Projects\\2025\\local_service_provider\\server\\server.js:16:15\n    at Layer.handle [as handle_request] (E:\\Projects\\2025\\local_service_provider\\server\\node_modules\\express\\lib\\router\\layer.js:95:5)\n    at next (E:\\Projects\\2025\\local_service_provider\\server\\node_modules\\express\\lib\\router\\route.js:149:13)\n    at Route.dispatch (E:\\Projects\\2025\\local_service_provider\\server\\node_modules\\express\\lib\\router\\route.js:119:3)\n    at Layer.handle [as handle_request] (E:\\Projects\\2025\\local_service_provider\\server\\node_modules\\express\\lib\\router\\layer.js:95:5)\n    at E:\\Projects\\2025\\local_service_provider\\server\\node_modules\\express\\lib\\router\\index.js:284:15\n    at param (E:\\Projects\\2025\\local_service_provider\\server\\node_modules\\express\\lib\\router\\index.js:365:14)\n    at param (E:\\Projects\\2025\\local_service_provider\\server\\node_modules\\express\\lib\\router\\index.js:376:14)\n    at Function.process_params (E:\\Projects\\2025\\local_service_provider\\server\\node_modules\\express\\lib\\router\\index.js:421:3)\n    at next (E:\\Projects\\2025\\local_service_provider\\server\\node_modules\\express\\lib\\router\\index.js:280:10)","statusCode":500,"timestamp":"2025-02-15T06:04:45.896Z"}
{"level":"info","message":"MongoDB connection established","timestamp":"2025-02-15T06:16:16.832Z"}
{"level":"info","message":"MongoDB connection established","timestamp":"2025-02-15T06:18:39.983Z"}
{"level":"info","message":"MongoDB connection established","timestamp":"2025-02-15T06:22:07.631Z"}
{"level":"info","message":"MongoDB connection established","timestamp":"2025-02-15T06:35:34.681Z"}
{"level":"info","message":"MongoDB connection established","timestamp":"2025-02-15T06:36:44.092Z"}
{"level":"info","message":"MongoDB connection established","timestamp":"2025-02-15T06:37:07.839Z"}
{"level":"info","message":"MongoDB connection established","timestamp":"2025-02-15T06:37:22.550Z"}
{"level":"info","message":"MongoDB connection established","timestamp":"2025-02-15T06:37:51.941Z"}
{"level":"error","message":"testing","stack":"Error: testing\n    at E:\\Projects\\2025\\local_service_provider\\server\\server.js:16:15\n    at Layer.handle [as handle_request] (E:\\Projects\\2025\\local_service_provider\\server\\node_modules\\express\\lib\\router\\layer.js:95:5)\n    at next (E:\\Projects\\2025\\local_service_provider\\server\\node_modules\\express\\lib\\router\\route.js:149:13)\n    at Route.dispatch (E:\\Projects\\2025\\local_service_provider\\server\\node_modules\\express\\lib\\router\\route.js:119:3)\n    at Layer.handle [as handle_request] (E:\\Projects\\2025\\local_service_provider\\server\\node_modules\\express\\lib\\router\\layer.js:95:5)\n    at E:\\Projects\\2025\\local_service_provider\\server\\node_modules\\express\\lib\\router\\index.js:284:15\n    at param (E:\\Projects\\2025\\local_service_provider\\server\\node_modules\\express\\lib\\router\\index.js:365:14)\n    at param (E:\\Projects\\2025\\local_service_provider\\server\\node_modules\\express\\lib\\router\\index.js:376:14)\n    at Function.process_params (E:\\Projects\\2025\\local_service_provider\\server\\node_modules\\express\\lib\\router\\index.js:421:3)\n    at next (E:\\Projects\\2025\\local_service_provider\\server\\node_modules\\express\\lib\\router\\index.js:280:10)","statusCode":500,"timestamp":"2025-02-15T06:40:46.901Z"}
{"level":"info","message":"MongoDB connection established","timestamp":"2025-02-15T06:41:10.271Z"}
{"level":"info","message":"MongoDB connection established","timestamp":"2025-02-15T07:02:52.485Z"}
{"level":"info","message":"MongoDB connection established","timestamp":"2025-02-15T07:04:24.814Z"}
{"level":"info","message":"MongoDB connection established","timestamp":"2025-02-15T07:08:48.396Z"}
{"level":"info","message":"MongoDB connection established","timestamp":"2025-02-15T07:08:56.317Z"}
{"level":"info","message":"MongoDB connection established","timestamp":"2025-02-15T07:09:05.437Z"}
{"level":"info","message":"MongoDB connection established","timestamp":"2025-02-15T07:09:55.145Z"}
{"level":"info","message":"MongoDB connection established","timestamp":"2025-02-15T07:10:41.744Z"}
{"level":"info","message":"MongoDB connection established","timestamp":"2025-02-15T07:11:45.608Z"}
{"level":"info","message":"MongoDB connection established","timestamp":"2025-02-15T07:11:52.571Z"}
{"isOperational":true,"level":"error","message":"Incorrect email or password","stack":"Error: Incorrect email or password\n    at E:\\Projects\\2025\\local_service_provider\\server\\controllers\\authController.js:80:17","statusCode":401,"timestamp":"2025-02-15T07:13:47.403Z"}
{"level":"info","message":"MongoDB connection established","timestamp":"2025-02-15T07:16:49.902Z"}
{"level":"info","message":"MongoDB connection established","timestamp":"2025-02-15T07:17:02.389Z"}
{"level":"info","message":"MongoDB connection established","timestamp":"2025-02-15T07:17:27.973Z"}
{"level":"info","message":"MongoDB connection established","timestamp":"2025-02-15T07:17:39.752Z"}
{"isOperational":true,"level":"error","message":"Incorrect email or password","stack":"Error: Incorrect email or password\n    at E:\\Projects\\2025\\local_service_provider\\server\\controllers\\authController.js:80:17","status":"error","statusCode":401,"timestamp":"2025-02-15T07:17:49.566Z"}
{"level":"info","message":"MongoDB connection established","timestamp":"2025-02-15T07:19:34.501Z"}
{"level":"info","message":"MongoDB connection established","timestamp":"2025-02-15T07:28:58.513Z"}
{"level":"info","message":"MongoDB connection established","timestamp":"2025-02-15T07:30:49.408Z"}
{"level":"info","message":"MongoDB connection established","timestamp":"2025-02-15T07:32:13.617Z"}
{"level":"info","message":"MongoDB connection established","timestamp":"2025-02-15T07:36:49.983Z"}
{"level":"info","message":"MongoDB connection established","timestamp":"2025-02-15T08:03:36.331Z"}
{"level":"info","message":"MongoDB connection established","timestamp":"2025-02-15T08:04:54.814Z"}
{"level":"info","message":"MongoDB connection established","timestamp":"2025-02-15T08:05:12.739Z"}
{"level":"warn","message":"MongoDB connection disconnected","timestamp":"2025-02-15T08:06:42.040Z"}
{"level":"info","message":"MongoDB connection established","timestamp":"2025-02-15T13:54:51.207Z"}
{"isOperational":true,"level":"error","message":"You are not logged in! Please log in to get access.","stack":"Error: You are not logged in! Please log in to get access.\n    at E:\\Projects\\2025\\local_service_provider\\server\\middlewares\\auth.js:20:17\n    at E:\\Projects\\2025\\local_service_provider\\server\\utils\\catchAsync.js:4:13\n    at Layer.handle [as handle_request] (E:\\Projects\\2025\\local_service_provider\\server\\node_modules\\express\\lib\\router\\layer.js:95:5)\n    at trim_prefix (E:\\Projects\\2025\\local_service_provider\\server\\node_modules\\express\\lib\\router\\index.js:328:13)\n    at E:\\Projects\\2025\\local_service_provider\\server\\node_modules\\express\\lib\\router\\index.js:286:9\n    at Function.process_params (E:\\Projects\\2025\\local_service_provider\\server\\node_modules\\express\\lib\\router\\index.js:346:12)\n    at next (E:\\Projects\\2025\\local_service_provider\\server\\node_modules\\express\\lib\\router\\index.js:280:10)\n    at Function.handle (E:\\Projects\\2025\\local_service_provider\\server\\node_modules\\express\\lib\\router\\index.js:175:3)\n    at router (E:\\Projects\\2025\\local_service_provider\\server\\node_modules\\express\\lib\\router\\index.js:47:12)\n    at Layer.handle [as handle_request] (E:\\Projects\\2025\\local_service_provider\\server\\node_modules\\express\\lib\\router\\layer.js:95:5)","status":"error","statusCode":401,"timestamp":"2025-02-15T13:55:52.051Z"}
{"level":"info","message":"MongoDB connection established","timestamp":"2025-02-15T13:57:00.754Z"}
{"isOperational":true,"level":"error","message":"Not a valid user role to hit this API","stack":"Error: Not a valid user role to hit this API\n    at E:\\Projects\\2025\\local_service_provider\\server\\middlewares\\auth.js:53:14\n    at E:\\Projects\\2025\\local_service_provider\\server\\utils\\catchAsync.js:4:13\n    at Layer.handle [as handle_request] (E:\\Projects\\2025\\local_service_provider\\server\\node_modules\\express\\lib\\router\\layer.js:95:5)\n    at trim_prefix (E:\\Projects\\2025\\local_service_provider\\server\\node_modules\\express\\lib\\router\\index.js:328:13)\n    at E:\\Projects\\2025\\local_service_provider\\server\\node_modules\\express\\lib\\router\\index.js:286:9\n    at Function.process_params (E:\\Projects\\2025\\local_service_provider\\server\\node_modules\\express\\lib\\router\\index.js:346:12)\n    at next (E:\\Projects\\2025\\local_service_provider\\server\\node_modules\\express\\lib\\router\\index.js:280:10)\n    at E:\\Projects\\2025\\local_service_provider\\server\\middlewares\\auth.js:38:3\n    at process.processTicksAndRejections (node:internal/process/task_queues:105:5)","status":"error","statusCode":400,"timestamp":"2025-02-15T13:57:41.734Z"}
{"level":"info","message":"MongoDB connection established","timestamp":"2025-02-15T13:58:29.523Z"}
{"isOperational":true,"level":"error","message":"Not a valid user role to hit this API p","stack":"Error: Not a valid user role to hit this API p\n    at E:\\Projects\\2025\\local_service_provider\\server\\middlewares\\auth.js:53:14\n    at E:\\Projects\\2025\\local_service_provider\\server\\utils\\catchAsync.js:4:13\n    at Layer.handle [as handle_request] (E:\\Projects\\2025\\local_service_provider\\server\\node_modules\\express\\lib\\router\\layer.js:95:5)\n    at trim_prefix (E:\\Projects\\2025\\local_service_provider\\server\\node_modules\\express\\lib\\router\\index.js:328:13)\n    at E:\\Projects\\2025\\local_service_provider\\server\\node_modules\\express\\lib\\router\\index.js:286:9\n    at Function.process_params (E:\\Projects\\2025\\local_service_provider\\server\\node_modules\\express\\lib\\router\\index.js:346:12)\n    at next (E:\\Projects\\2025\\local_service_provider\\server\\node_modules\\express\\lib\\router\\index.js:280:10)\n    at E:\\Projects\\2025\\local_service_provider\\server\\middlewares\\auth.js:38:3\n    at process.processTicksAndRejections (node:internal/process/task_queues:105:5)","status":"error","statusCode":400,"timestamp":"2025-02-15T13:58:36.426Z"}
{"level":"info","message":"MongoDB connection established","timestamp":"2025-02-15T13:59:10.515Z"}
{"level":"info","message":"MongoDB connection established","timestamp":"2025-02-15T13:59:15.611Z"}
{"level":"info","message":"MongoDB connection established","timestamp":"2025-02-15T14:08:09.637Z"}
{"level":"info","message":"MongoDB connection established","timestamp":"2025-02-15T14:09:04.769Z"}
{"level":"info","message":"MongoDB connection established","timestamp":"2025-02-21T12:42:41.259Z"}
{"level":"info","message":"MongoDB connection established","timestamp":"2025-02-21T13:57:45.478Z"}
{"level":"info","message":"MongoDB connection established","timestamp":"2025-02-21T14:44:10.669Z"}
{"level":"warn","message":"MongoDB connection disconnected","timestamp":"2025-02-21T15:58:41.777Z"}
{"level":"info","message":"MongoDB connection established","timestamp":"2025-02-21T15:59:36.954Z"}
{"level":"warn","message":"MongoDB connection disconnected","timestamp":"2025-02-21T16:36:44.201Z"}
{"level":"info","message":"MongoDB connection established","timestamp":"2025-02-21T16:36:55.212Z"}
{"level":"info","message":"MongoDB connection established","timestamp":"2025-02-22T06:04:43.285Z"}
{"level":"info","message":"MongoDB connection established","timestamp":"2025-02-22T06:12:24.321Z"}
{"level":"info","message":"MongoDB connection established","timestamp":"2025-02-22T13:51:28.809Z"}
{"level":"warn","message":"MongoDB connection disconnected","timestamp":"2025-02-22T14:53:52.307Z"}
{"level":"info","message":"MongoDB connection established","timestamp":"2025-02-22T14:53:53.942Z"}
{"level":"warn","message":"MongoDB connection disconnected","timestamp":"2025-02-22T15:31:05.455Z"}
{"level":"info","message":"MongoDB connection established","timestamp":"2025-02-22T15:34:06.677Z"}
{"level":"info","message":"MongoDB connection established","timestamp":"2025-02-22T16:26:20.939Z"}
{"level":"info","message":"MongoDB connection established","timestamp":"2025-02-22T16:26:54.060Z"}
{"level":"warn","message":"MongoDB connection disconnected","timestamp":"2025-02-22T16:40:55.689Z"}
{"level":"info","message":"MongoDB connection established","timestamp":"2025-02-22T16:41:27.858Z"}
{"level":"info","message":"MongoDB connection established","timestamp":"2025-02-22T16:42:33.855Z"}
{"level":"info","message":"MongoDB connection established","timestamp":"2025-02-22T16:44:07.427Z"}
{"level":"info","message":"MongoDB connection established","timestamp":"2025-02-22T16:45:16.974Z"}
{"level":"info","message":"MongoDB connection established","timestamp":"2025-02-22T16:45:27.804Z"}
{"level":"info","message":"MongoDB connection established","timestamp":"2025-02-22T16:45:40.553Z"}
{"level":"info","message":"MongoDB connection established","timestamp":"2025-02-22T16:46:13.456Z"}
{"level":"info","message":"MongoDB connection established","timestamp":"2025-02-22T16:56:14.973Z"}
{"level":"info","message":"MongoDB connection established","timestamp":"2025-02-22T16:57:22.074Z"}
{"level":"info","message":"MongoDB connection established","timestamp":"2025-02-22T16:58:15.704Z"}
{"level":"info","message":"MongoDB connection established","timestamp":"2025-02-22T16:58:52.823Z"}
{"level":"info","message":"MongoDB connection established","timestamp":"2025-02-22T16:59:31.286Z"}
{"level":"info","message":"MongoDB connection established","timestamp":"2025-02-22T16:59:52.693Z"}
{"level":"warn","message":"MongoDB connection disconnected","timestamp":"2025-02-22T17:03:29.706Z"}
{"level":"info","message":"MongoDB connection established","timestamp":"2025-02-22T17:04:00.867Z"}
{"level":"info","message":"MongoDB connection established","timestamp":"2025-02-22T17:35:39.058Z"}
{"level":"warn","message":"MongoDB connection disconnected","timestamp":"2025-02-22T17:59:12.487Z"}
{"level":"info","message":"MongoDB connection established","timestamp":"2025-02-22T18:00:25.056Z"}
{"level":"warn","message":"MongoDB connection disconnected","timestamp":"2025-02-22T18:07:52.910Z"}
{"level":"info","message":"MongoDB connection established","timestamp":"2025-02-22T18:09:24.709Z"}
{"level":"info","message":"MongoDB connection established","timestamp":"2025-02-22T19:00:44.879Z"}
{"level":"info","message":"MongoDB connection established","timestamp":"2025-02-22T19:09:33.936Z"}
{"_message":"Classroom validation failed","errors":{"course_id":{"kind":"required","message":"Path `course_id` is required.","name":"ValidatorError","path":"course_id","properties":{"message":"Path `course_id` is required.","path":"course_id","type":"required"}},"dept_id":{"kind":"required","message":"Path `dept_id` is required.","name":"ValidatorError","path":"dept_id","properties":{"message":"Path `dept_id` is required.","path":"dept_id","type":"required"}},"level_id":{"kind":"required","message":"Path `level_id` is required.","name":"ValidatorError","path":"level_id","properties":{"message":"Path `level_id` is required.","path":"level_id","type":"required"}},"name":{"kind":"required","message":"Path `name` is required.","name":"ValidatorError","path":"name","properties":{"message":"Path `name` is required.","path":"name","type":"required"}},"program_id":{"kind":"required","message":"Path `program_id` is required.","name":"ValidatorError","path":"program_id","properties":{"message":"Path `program_id` is required.","path":"program_id","type":"required"}}},"level":"error","message":"Classroom validation failed: course_id: Path `course_id` is required., program_id: Path `program_id` is required., level_id: Path `level_id` is required., dept_id: Path `dept_id` is required., name: Path `name` is required.","stack":"ValidationError: Classroom validation failed: course_id: Path `course_id` is required., program_id: Path `program_id` is required., level_id: Path `level_id` is required., dept_id: Path `dept_id` is required., name: Path `name` is required.\n    at Document.invalidate (E:\\Projects\\2025\\AMS\\server\\node_modules\\mongoose\\lib\\document.js:3329:32)\n    at E:\\Projects\\2025\\AMS\\server\\node_modules\\mongoose\\lib\\document.js:3090:17\n    at E:\\Projects\\2025\\AMS\\server\\node_modules\\mongoose\\lib\\schemaType.js:1407:9\n    at process.processTicksAndRejections (node:internal/process/task_queues:85:11)","status":"error","statusCode":500,"timestamp":"2025-02-22T19:09:39.096Z"}
{"level":"info","message":"MongoDB connection established","timestamp":"2025-02-22T19:11:36.334Z"}
{"level":"info","message":"MongoDB connection established","timestamp":"2025-02-22T19:13:12.157Z"}
{"level":"info","message":"MongoDB connection established","timestamp":"2025-02-22T19:13:24.046Z"}
{"level":"info","message":"MongoDB connection established","timestamp":"2025-02-22T19:13:40.251Z"}
{"level":"info","message":"MongoDB connection established","timestamp":"2025-02-22T19:14:16.270Z"}
{"level":"info","message":"MongoDB connection established","timestamp":"2025-02-22T19:14:32.316Z"}
{"level":"info","message":"MongoDB connection established","timestamp":"2025-02-22T19:15:49.783Z"}
{"isOperational":true,"level":"error","message":"Classroom allready Exist","stack":"Error: Classroom allready Exist\n    at E:\\Projects\\2025\\AMS\\server\\controllers\\admin\\classroomController.js:33:38\n    at process.processTicksAndRejections (node:internal/process/task_queues:105:5)\n    at async E:\\Projects\\2025\\AMS\\server\\utils\\catchAsync.js:4:12","status":"error","statusCode":400,"timestamp":"2025-02-22T19:15:53.638Z"}
{"isOperational":true,"level":"error","message":"Classroom allready Exist","stack":"Error: Classroom allready Exist\n    at E:\\Projects\\2025\\AMS\\server\\controllers\\admin\\classroomController.js:33:38\n    at process.processTicksAndRejections (node:internal/process/task_queues:105:5)\n    at async E:\\Projects\\2025\\AMS\\server\\utils\\catchAsync.js:4:12","status":"error","statusCode":400,"timestamp":"2025-02-22T19:31:30.865Z"}
{"isOperational":true,"level":"error","message":"Classroom allready Exist","stack":"Error: Classroom allready Exist\n    at E:\\Projects\\2025\\AMS\\server\\controllers\\admin\\classroomController.js:33:38\n    at process.processTicksAndRejections (node:internal/process/task_queues:105:5)\n    at async E:\\Projects\\2025\\AMS\\server\\utils\\catchAsync.js:4:12","status":"error","statusCode":400,"timestamp":"2025-02-22T19:31:37.274Z"}
{"level":"info","message":"MongoDB connection established","timestamp":"2025-02-22T20:48:48.901Z"}
{"level":"info","message":"MongoDB connection established","timestamp":"2025-02-22T20:48:54.403Z"}
{"isOperational":true,"level":"error","message":"Invalid dept_id: Department not found","stack":"Error: Invalid dept_id: Department not found\n    at E:\\Projects\\2025\\AMS\\server\\controllers\\admin\\classroomController.js:160:32\n    at process.processTicksAndRejections (node:internal/process/task_queues:105:5)\n    at async E:\\Projects\\2025\\AMS\\server\\utils\\catchAsync.js:4:12","status":"error","statusCode":400,"timestamp":"2025-02-22T21:09:44.630Z"}
{"isOperational":true,"level":"error","message":"Classroom not found","stack":"Error: Classroom not found\n    at E:\\Projects\\2025\\AMS\\server\\controllers\\admin\\classroomController.js:187:21\n    at process.processTicksAndRejections (node:internal/process/task_queues:105:5)\n    at async E:\\Projects\\2025\\AMS\\server\\utils\\catchAsync.js:4:12","status":"error","statusCode":404,"timestamp":"2025-02-22T21:11:04.517Z"}
{"isOperational":true,"level":"error","message":"Classroom not found","stack":"Error: Classroom not found\n    at E:\\Projects\\2025\\AMS\\server\\controllers\\admin\\classroomController.js:187:21\n    at process.processTicksAndRejections (node:internal/process/task_queues:105:5)\n    at async E:\\Projects\\2025\\AMS\\server\\utils\\catchAsync.js:4:12","status":"error","statusCode":404,"timestamp":"2025-02-22T21:11:20.787Z"}
{"isOperational":true,"level":"error","message":"Classroom not found","stack":"Error: Classroom not found\n    at E:\\Projects\\2025\\AMS\\server\\controllers\\admin\\classroomController.js:187:21\n    at process.processTicksAndRejections (node:internal/process/task_queues:105:5)\n    at async E:\\Projects\\2025\\AMS\\server\\utils\\catchAsync.js:4:12","status":"error","statusCode":404,"timestamp":"2025-02-22T21:13:20.852Z"}
{"code":"ECONNRESET","errno":-4077,"level":"error","message":"read ECONNRESET","stack":"Error: read ECONNRESET\n    at TLSWrap.onStreamRead (node:internal/stream_base_commons:216:20)","status":"error","statusCode":500,"syscall":"read","timestamp":"2025-02-22T21:15:15.537Z"}
{"errorLabelSet":{},"level":"error","message":"getaddrinfo ENOTFOUND ac-ateav8r-shard-00-00.ez5fmll.mongodb.net","reason":{"commonWireVersion":0,"compatible":true,"heartbeatFrequencyMS":10000,"localThresholdMS":15,"logicalSessionTimeoutMinutes":null,"maxElectionId":{"$oid":"7fffffff00000000000000ae"},"maxSetVersion":185,"servers":{"ac-ateav8r-shard-00-00.ez5fmll.mongodb.net:27017":{"$clusterTime":null,"address":"ac-ateav8r-shard-00-00.ez5fmll.mongodb.net:27017","arbiters":[],"electionId":null,"error":{"beforeHandshake":false,"errorLabelSet":{}},"hosts":[],"iscryptd":false,"lastUpdateTime":190317627,"lastWriteDate":0,"logicalSessionTimeoutMinutes":null,"maxBsonObjectSize":null,"maxMessageSizeBytes":null,"maxWireVersion":0,"maxWriteBatchSize":null,"me":null,"minRoundTripTime":0,"minWireVersion":0,"passives":[],"primary":null,"roundTripTime":-1,"setName":null,"setVersion":null,"tags":{},"topologyVersion":null,"type":"Unknown"},"ac-ateav8r-shard-00-01.ez5fmll.mongodb.net:27017":{"$clusterTime":null,"address":"ac-ateav8r-shard-00-01.ez5fmll.mongodb.net:27017","arbiters":[],"electionId":null,"error":{"beforeHandshake":false,"errorLabelSet":{}},"hosts":[],"iscryptd":false,"lastUpdateTime":190317627,"lastWriteDate":0,"logicalSessionTimeoutMinutes":null,"maxBsonObjectSize":null,"maxMessageSizeBytes":null,"maxWireVersion":0,"maxWriteBatchSize":null,"me":null,"minRoundTripTime":0,"minWireVersion":0,"passives":[],"primary":null,"roundTripTime":-1,"setName":null,"setVersion":null,"tags":{},"topologyVersion":null,"type":"Unknown"},"ac-ateav8r-shard-00-02.ez5fmll.mongodb.net:27017":{"$clusterTime":null,"address":"ac-ateav8r-shard-00-02.ez5fmll.mongodb.net:27017","arbiters":[],"electionId":null,"error":{"beforeHandshake":false,"errorLabelSet":{}},"hosts":[],"iscryptd":false,"lastUpdateTime":190317627,"lastWriteDate":0,"logicalSessionTimeoutMinutes":null,"maxBsonObjectSize":null,"maxMessageSizeBytes":null,"maxWireVersion":0,"maxWriteBatchSize":null,"me":null,"minRoundTripTime":0,"minWireVersion":0,"passives":[],"primary":null,"roundTripTime":-1,"setName":null,"setVersion":null,"tags":{},"topologyVersion":null,"type":"Unknown"}},"setName":"atlas-115dw2-shard-0","stale":false,"type":"ReplicaSetNoPrimary"},"stack":"MongoServerSelectionError: getaddrinfo ENOTFOUND ac-ateav8r-shard-00-00.ez5fmll.mongodb.net\n    at Topology.selectServer (E:\\Projects\\2025\\AMS\\server\\node_modules\\mongodb\\lib\\sdam\\topology.js:321:38)\n    at async tryOperation (E:\\Projects\\2025\\AMS\\server\\node_modules\\mongodb\\lib\\operations\\execute_operation.js:145:18)\n    at async executeOperation (E:\\Projects\\2025\\AMS\\server\\node_modules\\mongodb\\lib\\operations\\execute_operation.js:75:16)\n    at async AggregationCursor._initialize (E:\\Projects\\2025\\AMS\\server\\node_modules\\mongodb\\lib\\cursor\\aggregation_cursor.js:56:26)\n    at async AggregationCursor.cursorInit (E:\\Projects\\2025\\AMS\\server\\node_modules\\mongodb\\lib\\cursor\\abstract_cursor.js:633:27)\n    at async AggregationCursor.fetchBatch (E:\\Projects\\2025\\AMS\\server\\node_modules\\mongodb\\lib\\cursor\\abstract_cursor.js:667:13)\n    at async AggregationCursor.next (E:\\Projects\\2025\\AMS\\server\\node_modules\\mongodb\\lib\\cursor\\abstract_cursor.js:347:17)\n    at async [Symbol.asyncIterator] (E:\\Projects\\2025\\AMS\\server\\node_modules\\mongodb\\lib\\cursor\\abstract_cursor.js:255:34)\n    at async AggregationCursor.toArray (E:\\Projects\\2025\\AMS\\server\\node_modules\\mongodb\\lib\\cursor\\abstract_cursor.js:427:26)\n    at async Aggregate.exec (E:\\Projects\\2025\\AMS\\server\\node_modules\\mongoose\\lib\\aggregate.js:1104:14)","status":"error","statusCode":500,"timestamp":"2025-02-22T21:17:18.315Z"}
{"level":"warn","message":"MongoDB connection disconnected","timestamp":"2025-02-22T21:17:19.799Z"}
{"level":"info","message":"MongoDB connection established","timestamp":"2025-02-22T21:17:19.928Z"}
{"level":"warn","message":"MongoDB connection disconnected","timestamp":"2025-02-22T21:49:07.114Z"}
{"level":"info","message":"MongoDB connection established","timestamp":"2025-02-23T09:06:32.743Z"}
{"level":"warn","message":"MongoDB connection disconnected","timestamp":"2025-02-23T09:53:50.385Z"}
{"level":"info","message":"MongoDB connection established","timestamp":"2025-02-23T09:55:02.545Z"}
{"level":"warn","message":"MongoDB connection disconnected","timestamp":"2025-02-23T10:03:35.940Z"}
{"level":"info","message":"MongoDB connection established","timestamp":"2025-02-23T10:03:57.322Z"}
{"level":"warn","message":"MongoDB connection disconnected","timestamp":"2025-02-23T10:09:12.297Z"}
{"level":"info","message":"MongoDB connection established","timestamp":"2025-02-23T10:19:05.301Z"}
{"level":"info","message":"MongoDB connection established","timestamp":"2025-02-23T13:51:50.131Z"}
{"level":"info","message":"MongoDB connection established","timestamp":"2025-02-23T13:52:06.902Z"}
{"level":"info","message":"MongoDB connection established","timestamp":"2025-02-23T13:52:24.732Z"}
{"level":"info","message":"MongoDB connection established","timestamp":"2025-02-23T13:56:50.809Z"}
{"level":"info","message":"MongoDB connection established","timestamp":"2025-02-23T13:57:46.223Z"}
{"level":"info","message":"MongoDB connection established","timestamp":"2025-02-23T13:57:52.968Z"}
{"level":"info","message":"MongoDB connection established","timestamp":"2025-02-23T14:10:08.791Z"}
{"isOperational":true,"level":"error","message":"Class not found","stack":"Error: Class not found\n    at E:\\Projects\\2025\\AMS\\server\\controllers\\adminController.js:443:21\n    at process.processTicksAndRejections (node:internal/process/task_queues:105:5)\n    at async E:\\Projects\\2025\\AMS\\server\\utils\\catchAsync.js:4:12","status":"error","statusCode":404,"timestamp":"2025-02-23T14:25:02.653Z"}
{"level":"info","message":"MongoDB connection established","timestamp":"2025-02-23T14:28:31.674Z"}
{"level":"info","message":"MongoDB connection established","timestamp":"2025-02-23T14:29:05.910Z"}
{"level":"info","message":"MongoDB connection established","timestamp":"2025-02-23T14:29:34.924Z"}
{"level":"info","message":"MongoDB connection established","timestamp":"2025-02-23T15:08:36.104Z"}
{"level":"info","message":"MongoDB connection established","timestamp":"2025-02-23T15:37:01.286Z"}
{"level":"info","message":"MongoDB connection established","timestamp":"2025-02-23T15:38:13.739Z"}
{"isOperational":true,"level":"error","message":"Invalid classroom_id: Classroom not found","stack":"Error: Invalid classroom_id: Classroom not found\n    at E:\\Projects\\2025\\AMS\\server\\controllers\\adminController.js:477:21\n    at process.processTicksAndRejections (node:internal/process/task_queues:105:5)\n    at async E:\\Projects\\2025\\AMS\\server\\utils\\catchAsync.js:4:12","status":"error","statusCode":400,"timestamp":"2025-02-23T15:38:29.203Z"}
{"level":"warn","message":"MongoDB connection disconnected","timestamp":"2025-02-23T16:11:00.306Z"}
{"level":"info","message":"MongoDB connection established","timestamp":"2025-02-23T16:11:00.636Z"}
{"isOperational":true,"level":"error","message":"Invalid classroom_id: Classroom not found","stack":"Error: Invalid classroom_id: Classroom not found\n    at E:\\Projects\\2025\\AMS\\server\\controllers\\adminController.js:477:21\n    at process.processTicksAndRejections (node:internal/process/task_queues:105:5)\n    at async E:\\Projects\\2025\\AMS\\server\\utils\\catchAsync.js:4:12","status":"error","statusCode":400,"timestamp":"2025-02-23T16:11:58.095Z"}
{"code":11000,"errorLabelSet":{},"errorResponse":{"code":11000,"errmsg":"E11000 duplicate key error collection: lsp.classes index: classroom_id_1_subject_id_1 dup key: { classroom_id: ObjectId('67ba3f071ffcb619ddfe8e4c'), subject_id: ObjectId('67b5ec1704d49697785e30b5') }","index":0,"keyPattern":{"classroom_id":1,"subject_id":1},"keyValue":{"classroom_id":"67ba3f071ffcb619ddfe8e4c","subject_id":"67b5ec1704d49697785e30b5"}},"index":0,"keyPattern":{"classroom_id":1,"subject_id":1},"keyValue":{"classroom_id":"67ba3f071ffcb619ddfe8e4c","subject_id":"67b5ec1704d49697785e30b5"},"level":"error","message":"E11000 duplicate key error collection: lsp.classes index: classroom_id_1_subject_id_1 dup key: { classroom_id: ObjectId('67ba3f071ffcb619ddfe8e4c'), subject_id: ObjectId('67b5ec1704d49697785e30b5') }","stack":"MongoServerError: E11000 duplicate key error collection: lsp.classes index: classroom_id_1_subject_id_1 dup key: { classroom_id: ObjectId('67ba3f071ffcb619ddfe8e4c'), subject_id: ObjectId('67b5ec1704d49697785e30b5') }\n    at InsertOneOperation.execute (E:\\Projects\\2025\\AMS\\server\\node_modules\\mongodb\\lib\\operations\\insert.js:51:19)\n    at process.processTicksAndRejections (node:internal/process/task_queues:105:5)\n    at async tryOperation (E:\\Projects\\2025\\AMS\\server\\node_modules\\mongodb\\lib\\operations\\execute_operation.js:207:20)\n    at async executeOperation (E:\\Projects\\2025\\AMS\\server\\node_modules\\mongodb\\lib\\operations\\execute_operation.js:75:16)\n    at async Collection.insertOne (E:\\Projects\\2025\\AMS\\server\\node_modules\\mongodb\\lib\\collection.js:157:16)","status":"error","statusCode":500,"timestamp":"2025-02-23T16:12:14.573Z"}
{"level":"info","message":"MongoDB connection established","timestamp":"2025-02-23T16:16:22.454Z"}
{"level":"info","message":"MongoDB connection established","timestamp":"2025-02-23T16:16:35.175Z"}
{"level":"info","message":"MongoDB connection established","timestamp":"2025-02-23T16:16:51.941Z"}
{"level":"info","message":"MongoDB connection established","timestamp":"2025-02-23T16:16:59.021Z"}
{"level":"info","message":"MongoDB connection established","timestamp":"2025-02-23T16:17:19.930Z"}
{"level":"info","message":"MongoDB connection established","timestamp":"2025-02-23T16:17:43.408Z"}
{"level":"info","message":"MongoDB connection established","timestamp":"2025-02-23T16:18:03.816Z"}
{"code":11000,"errorLabelSet":{},"errorResponse":{"code":11000,"errmsg":"E11000 duplicate key error collection: lsp.classes index: classroom_id_1_subject_id_1 dup key: { classroom_id: ObjectId('67ba3f071ffcb619ddfe8e4c'), subject_id: ObjectId('67b5ec1704d49697785e30b5') }","index":0,"keyPattern":{"classroom_id":1,"subject_id":1},"keyValue":{"classroom_id":"67ba3f071ffcb619ddfe8e4c","subject_id":"67b5ec1704d49697785e30b5"}},"index":0,"keyPattern":{"classroom_id":1,"subject_id":1},"keyValue":{"classroom_id":"67ba3f071ffcb619ddfe8e4c","subject_id":"67b5ec1704d49697785e30b5"},"level":"error","message":"E11000 duplicate key error collection: lsp.classes index: classroom_id_1_subject_id_1 dup key: { classroom_id: ObjectId('67ba3f071ffcb619ddfe8e4c'), subject_id: ObjectId('67b5ec1704d49697785e30b5') }","stack":"MongoServerError: E11000 duplicate key error collection: lsp.classes index: classroom_id_1_subject_id_1 dup key: { classroom_id: ObjectId('67ba3f071ffcb619ddfe8e4c'), subject_id: ObjectId('67b5ec1704d49697785e30b5') }\n    at InsertOneOperation.execute (E:\\Projects\\2025\\AMS\\server\\node_modules\\mongodb\\lib\\operations\\insert.js:51:19)\n    at process.processTicksAndRejections (node:internal/process/task_queues:105:5)\n    at async tryOperation (E:\\Projects\\2025\\AMS\\server\\node_modules\\mongodb\\lib\\operations\\execute_operation.js:207:20)\n    at async executeOperation (E:\\Projects\\2025\\AMS\\server\\node_modules\\mongodb\\lib\\operations\\execute_operation.js:75:16)\n    at async Collection.insertOne (E:\\Projects\\2025\\AMS\\server\\node_modules\\mongodb\\lib\\collection.js:157:16)","status":"error","statusCode":500,"timestamp":"2025-02-23T16:28:40.956Z"}
{"code":11000,"errorLabelSet":{},"errorResponse":{"code":11000,"errmsg":"E11000 duplicate key error collection: lsp.classes index: classroom_id_1_subject_id_1 dup key: { classroom_id: ObjectId('67ba3f071ffcb619ddfe8e4c'), subject_id: ObjectId('67b5ec1704d49697785e30b5') }","index":0,"keyPattern":{"classroom_id":1,"subject_id":1},"keyValue":{"classroom_id":"67ba3f071ffcb619ddfe8e4c","subject_id":"67b5ec1704d49697785e30b5"}},"index":0,"keyPattern":{"classroom_id":1,"subject_id":1},"keyValue":{"classroom_id":"67ba3f071ffcb619ddfe8e4c","subject_id":"67b5ec1704d49697785e30b5"},"level":"error","message":"E11000 duplicate key error collection: lsp.classes index: classroom_id_1_subject_id_1 dup key: { classroom_id: ObjectId('67ba3f071ffcb619ddfe8e4c'), subject_id: ObjectId('67b5ec1704d49697785e30b5') }","stack":"MongoServerError: E11000 duplicate key error collection: lsp.classes index: classroom_id_1_subject_id_1 dup key: { classroom_id: ObjectId('67ba3f071ffcb619ddfe8e4c'), subject_id: ObjectId('67b5ec1704d49697785e30b5') }\n    at InsertOneOperation.execute (E:\\Projects\\2025\\AMS\\server\\node_modules\\mongodb\\lib\\operations\\insert.js:51:19)\n    at process.processTicksAndRejections (node:internal/process/task_queues:105:5)\n    at async tryOperation (E:\\Projects\\2025\\AMS\\server\\node_modules\\mongodb\\lib\\operations\\execute_operation.js:207:20)\n    at async executeOperation (E:\\Projects\\2025\\AMS\\server\\node_modules\\mongodb\\lib\\operations\\execute_operation.js:75:16)\n    at async Collection.insertOne (E:\\Projects\\2025\\AMS\\server\\node_modules\\mongodb\\lib\\collection.js:157:16)","status":"error","statusCode":500,"timestamp":"2025-02-23T16:29:34.652Z"}
{"level":"warn","message":"MongoDB connection disconnected","timestamp":"2025-02-24T05:14:46.435Z"}
{"level":"info","message":"MongoDB connection established","timestamp":"2025-02-24T05:14:46.643Z"}
{"isOperational":true,"level":"error","message":"All fields are required: name, dept_id, level_id, program_id, course_id, semester_id","stack":"Error: All fields are required: name, dept_id, level_id, program_id, course_id, semester_id\n    at E:\\Projects\\2025\\AMS\\server\\controllers\\admin\\classroomController.js:16:21\n    at E:\\Projects\\2025\\AMS\\server\\utils\\catchAsync.js:4:18\n    at Layer.handle [as handle_request] (E:\\Projects\\2025\\AMS\\server\\node_modules\\express\\lib\\router\\layer.js:95:5)\n    at next (E:\\Projects\\2025\\AMS\\server\\node_modules\\express\\lib\\router\\route.js:149:13)\n    at Route.dispatch (E:\\Projects\\2025\\AMS\\server\\node_modules\\express\\lib\\router\\route.js:119:3)\n    at Layer.handle [as handle_request] (E:\\Projects\\2025\\AMS\\server\\node_modules\\express\\lib\\router\\layer.js:95:5)\n    at E:\\Projects\\2025\\AMS\\server\\node_modules\\express\\lib\\router\\index.js:284:15\n    at Function.process_params (E:\\Projects\\2025\\AMS\\server\\node_modules\\express\\lib\\router\\index.js:346:12)\n    at next (E:\\Projects\\2025\\AMS\\server\\node_modules\\express\\lib\\router\\index.js:280:10)\n    at Function.handle (E:\\Projects\\2025\\AMS\\server\\node_modules\\express\\lib\\router\\index.js:175:3)","status":"error","statusCode":400,"timestamp":"2025-02-24T05:19:59.073Z"}
{"code":11000,"errorLabelSet":{},"errorResponse":{"code":11000,"errmsg":"E11000 duplicate key error collection: lsp.classes index: classroom_id_1_subject_id_1 dup key: { classroom_id: ObjectId('67bb63eae7fad9aa1f18f258'), subject_id: ObjectId('67bb6417e7fad9aa1f18f26f') }","index":0,"keyPattern":{"classroom_id":1,"subject_id":1},"keyValue":{"classroom_id":"67bb63eae7fad9aa1f18f258","subject_id":"67bb6417e7fad9aa1f18f26f"}},"index":0,"keyPattern":{"classroom_id":1,"subject_id":1},"keyValue":{"classroom_id":"67bb63eae7fad9aa1f18f258","subject_id":"67bb6417e7fad9aa1f18f26f"},"level":"error","message":"E11000 duplicate key error collection: lsp.classes index: classroom_id_1_subject_id_1 dup key: { classroom_id: ObjectId('67bb63eae7fad9aa1f18f258'), subject_id: ObjectId('67bb6417e7fad9aa1f18f26f') }","stack":"MongoServerError: E11000 duplicate key error collection: lsp.classes index: classroom_id_1_subject_id_1 dup key: { classroom_id: ObjectId('67bb63eae7fad9aa1f18f258'), subject_id: ObjectId('67bb6417e7fad9aa1f18f26f') }\n    at InsertOneOperation.execute (E:\\Projects\\2025\\AMS\\server\\node_modules\\mongodb\\lib\\operations\\insert.js:51:19)\n    at process.processTicksAndRejections (node:internal/process/task_queues:105:5)\n    at async tryOperation (E:\\Projects\\2025\\AMS\\server\\node_modules\\mongodb\\lib\\operations\\execute_operation.js:207:20)\n    at async executeOperation (E:\\Projects\\2025\\AMS\\server\\node_modules\\mongodb\\lib\\operations\\execute_operation.js:75:16)\n    at async Collection.insertOne (E:\\Projects\\2025\\AMS\\server\\node_modules\\mongodb\\lib\\collection.js:157:16)","status":"error","statusCode":500,"timestamp":"2025-02-24T05:48:43.416Z"}
{"level":"warn","message":"MongoDB connection disconnected","timestamp":"2025-02-24T05:51:35.456Z"}
{"level":"info","message":"MongoDB connection established","timestamp":"2025-02-24T05:51:35.762Z"}
{"level":"warn","message":"MongoDB connection disconnected","timestamp":"2025-02-24T05:59:31.473Z"}
{"level":"info","message":"MongoDB connection established","timestamp":"2025-02-24T05:59:40.455Z"}
{"level":"warn","message":"MongoDB connection disconnected","timestamp":"2025-02-24T06:38:23.746Z"}
{"level":"info","message":"MongoDB connection established","timestamp":"2025-02-24T06:38:24.317Z"}
{"errorLabelSet":{},"level":"error","message":"getaddrinfo ENOTFOUND ac-ateav8r-shard-00-02.ez5fmll.mongodb.net","reason":{"commonWireVersion":0,"compatible":true,"heartbeatFrequencyMS":10000,"localThresholdMS":15,"logicalSessionTimeoutMinutes":null,"maxElectionId":{"$oid":"7fffffff00000000000000b0"},"maxSetVersion":188,"servers":{"ac-ateav8r-shard-00-00.ez5fmll.mongodb.net:27017":{"$clusterTime":null,"address":"ac-ateav8r-shard-00-00.ez5fmll.mongodb.net:27017","arbiters":[],"electionId":null,"error":{"beforeHandshake":false,"errorLabelSet":{}},"hosts":[],"iscryptd":false,"lastUpdateTime":312291728,"lastWriteDate":0,"logicalSessionTimeoutMinutes":null,"maxBsonObjectSize":null,"maxMessageSizeBytes":null,"maxWireVersion":0,"maxWriteBatchSize":null,"me":null,"minRoundTripTime":0,"minWireVersion":0,"passives":[],"primary":null,"roundTripTime":-1,"setName":null,"setVersion":null,"tags":{},"topologyVersion":null,"type":"Unknown"},"ac-ateav8r-shard-00-01.ez5fmll.mongodb.net:27017":{"$clusterTime":null,"address":"ac-ateav8r-shard-00-01.ez5fmll.mongodb.net:27017","arbiters":[],"electionId":null,"error":{"beforeHandshake":false,"errorLabelSet":{}},"hosts":[],"iscryptd":false,"lastUpdateTime":312291727,"lastWriteDate":0,"logicalSessionTimeoutMinutes":null,"maxBsonObjectSize":null,"maxMessageSizeBytes":null,"maxWireVersion":0,"maxWriteBatchSize":null,"me":null,"minRoundTripTime":0,"minWireVersion":0,"passives":[],"primary":null,"roundTripTime":-1,"setName":null,"setVersion":null,"tags":{},"topologyVersion":null,"type":"Unknown"},"ac-ateav8r-shard-00-02.ez5fmll.mongodb.net:27017":{"$clusterTime":null,"address":"ac-ateav8r-shard-00-02.ez5fmll.mongodb.net:27017","arbiters":[],"electionId":null,"error":{"beforeHandshake":false,"errorLabelSet":{}},"hosts":[],"iscryptd":false,"lastUpdateTime":312287039,"lastWriteDate":0,"logicalSessionTimeoutMinutes":null,"maxBsonObjectSize":null,"maxMessageSizeBytes":null,"maxWireVersion":0,"maxWriteBatchSize":null,"me":null,"minRoundTripTime":0,"minWireVersion":0,"passives":[],"primary":null,"roundTripTime":-1,"setName":null,"setVersion":null,"tags":{},"topologyVersion":null,"type":"Unknown"}},"setName":"atlas-115dw2-shard-0","stale":false,"type":"ReplicaSetNoPrimary"},"stack":"MongoServerSelectionError: getaddrinfo ENOTFOUND ac-ateav8r-shard-00-02.ez5fmll.mongodb.net\n    at Topology.selectServer (E:\\Projects\\2025\\AMS\\server\\node_modules\\mongodb\\lib\\sdam\\topology.js:321:38)\n    at async tryOperation (E:\\Projects\\2025\\AMS\\server\\node_modules\\mongodb\\lib\\operations\\execute_operation.js:145:18)\n    at async executeOperation (E:\\Projects\\2025\\AMS\\server\\node_modules\\mongodb\\lib\\operations\\execute_operation.js:75:16)\n    at async AggregationCursor._initialize (E:\\Projects\\2025\\AMS\\server\\node_modules\\mongodb\\lib\\cursor\\aggregation_cursor.js:56:26)\n    at async AggregationCursor.cursorInit (E:\\Projects\\2025\\AMS\\server\\node_modules\\mongodb\\lib\\cursor\\abstract_cursor.js:633:27)\n    at async AggregationCursor.fetchBatch (E:\\Projects\\2025\\AMS\\server\\node_modules\\mongodb\\lib\\cursor\\abstract_cursor.js:667:13)\n    at async AggregationCursor.next (E:\\Projects\\2025\\AMS\\server\\node_modules\\mongodb\\lib\\cursor\\abstract_cursor.js:347:17)\n    at async [Symbol.asyncIterator] (E:\\Projects\\2025\\AMS\\server\\node_modules\\mongodb\\lib\\cursor\\abstract_cursor.js:255:34)\n    at async AggregationCursor.toArray (E:\\Projects\\2025\\AMS\\server\\node_modules\\mongodb\\lib\\cursor\\abstract_cursor.js:427:26)\n    at async Aggregate.exec (E:\\Projects\\2025\\AMS\\server\\node_modules\\mongoose\\lib\\aggregate.js:1104:14)","status":"error","statusCode":500,"timestamp":"2025-02-24T07:10:07.938Z"}
{"errorLabelSet":{},"level":"error","message":"getaddrinfo ENOTFOUND ac-ateav8r-shard-00-02.ez5fmll.mongodb.net","reason":{"commonWireVersion":0,"compatible":true,"heartbeatFrequencyMS":10000,"localThresholdMS":15,"logicalSessionTimeoutMinutes":null,"maxElectionId":{"$oid":"7fffffff00000000000000b0"},"maxSetVersion":188,"servers":{"ac-ateav8r-shard-00-00.ez5fmll.mongodb.net:27017":{"$clusterTime":null,"address":"ac-ateav8r-shard-00-00.ez5fmll.mongodb.net:27017","arbiters":[],"electionId":null,"error":{"beforeHandshake":false,"errorLabelSet":{}},"hosts":[],"iscryptd":false,"lastUpdateTime":312299483,"lastWriteDate":0,"logicalSessionTimeoutMinutes":null,"maxBsonObjectSize":null,"maxMessageSizeBytes":null,"maxWireVersion":0,"maxWriteBatchSize":null,"me":null,"minRoundTripTime":0,"minWireVersion":0,"passives":[],"primary":null,"roundTripTime":-1,"setName":null,"setVersion":null,"tags":{},"topologyVersion":null,"type":"Unknown"},"ac-ateav8r-shard-00-01.ez5fmll.mongodb.net:27017":{"$clusterTime":null,"address":"ac-ateav8r-shard-00-01.ez5fmll.mongodb.net:27017","arbiters":[],"electionId":null,"error":{"beforeHandshake":false,"errorLabelSet":{}},"hosts":[],"iscryptd":false,"lastUpdateTime":312299482,"lastWriteDate":0,"logicalSessionTimeoutMinutes":null,"maxBsonObjectSize":null,"maxMessageSizeBytes":null,"maxWireVersion":0,"maxWriteBatchSize":null,"me":null,"minRoundTripTime":0,"minWireVersion":0,"passives":[],"primary":null,"roundTripTime":-1,"setName":null,"setVersion":null,"tags":{},"topologyVersion":null,"type":"Unknown"},"ac-ateav8r-shard-00-02.ez5fmll.mongodb.net:27017":{"$clusterTime":null,"address":"ac-ateav8r-shard-00-02.ez5fmll.mongodb.net:27017","arbiters":[],"electionId":null,"error":{"beforeHandshake":false,"errorLabelSet":{}},"hosts":[],"iscryptd":false,"lastUpdateTime":312299186,"lastWriteDate":0,"logicalSessionTimeoutMinutes":null,"maxBsonObjectSize":null,"maxMessageSizeBytes":null,"maxWireVersion":0,"maxWriteBatchSize":null,"me":null,"minRoundTripTime":0,"minWireVersion":0,"passives":[],"primary":null,"roundTripTime":-1,"setName":null,"setVersion":null,"tags":{},"topologyVersion":null,"type":"Unknown"}},"setName":"atlas-115dw2-shard-0","stale":false,"type":"ReplicaSetNoPrimary"},"stack":"MongoServerSelectionError: getaddrinfo ENOTFOUND ac-ateav8r-shard-00-02.ez5fmll.mongodb.net\n    at Topology.selectServer (E:\\Projects\\2025\\AMS\\server\\node_modules\\mongodb\\lib\\sdam\\topology.js:321:38)\n    at async tryOperation (E:\\Projects\\2025\\AMS\\server\\node_modules\\mongodb\\lib\\operations\\execute_operation.js:145:18)\n    at async executeOperation (E:\\Projects\\2025\\AMS\\server\\node_modules\\mongodb\\lib\\operations\\execute_operation.js:75:16)\n    at async FindCursor._initialize (E:\\Projects\\2025\\AMS\\server\\node_modules\\mongodb\\lib\\cursor\\find_cursor.js:61:26)\n    at async FindCursor.cursorInit (E:\\Projects\\2025\\AMS\\server\\node_modules\\mongodb\\lib\\cursor\\abstract_cursor.js:633:27)\n    at async FindCursor.fetchBatch (E:\\Projects\\2025\\AMS\\server\\node_modules\\mongodb\\lib\\cursor\\abstract_cursor.js:667:13)\n    at async FindCursor.next (E:\\Projects\\2025\\AMS\\server\\node_modules\\mongodb\\lib\\cursor\\abstract_cursor.js:347:17)\n    at async [Symbol.asyncIterator] (E:\\Projects\\2025\\AMS\\server\\node_modules\\mongodb\\lib\\cursor\\abstract_cursor.js:255:34)\n    at async FindCursor.toArray (E:\\Projects\\2025\\AMS\\server\\node_modules\\mongodb\\lib\\cursor\\abstract_cursor.js:427:26)\n    at async model.Query._find (E:\\Projects\\2025\\AMS\\server\\node_modules\\mongoose\\lib\\query.js:2381:14)","status":"error","statusCode":500,"timestamp":"2025-02-24T07:10:15.473Z"}
{"errorLabelSet":{},"level":"error","message":"getaddrinfo ENOTFOUND ac-ateav8r-shard-00-02.ez5fmll.mongodb.net","reason":{"commonWireVersion":0,"compatible":true,"heartbeatFrequencyMS":10000,"localThresholdMS":15,"logicalSessionTimeoutMinutes":null,"maxElectionId":{"$oid":"7fffffff00000000000000b0"},"maxSetVersion":188,"servers":{"ac-ateav8r-shard-00-00.ez5fmll.mongodb.net:27017":{"$clusterTime":null,"address":"ac-ateav8r-shard-00-00.ez5fmll.mongodb.net:27017","arbiters":[],"electionId":null,"error":{"beforeHandshake":false,"errorLabelSet":{}},"hosts":[],"iscryptd":false,"lastUpdateTime":312309509,"lastWriteDate":0,"logicalSessionTimeoutMinutes":null,"maxBsonObjectSize":null,"maxMessageSizeBytes":null,"maxWireVersion":0,"maxWriteBatchSize":null,"me":null,"minRoundTripTime":0,"minWireVersion":0,"passives":[],"primary":null,"roundTripTime":-1,"setName":null,"setVersion":null,"tags":{},"topologyVersion":null,"type":"Unknown"},"ac-ateav8r-shard-00-01.ez5fmll.mongodb.net:27017":{"$clusterTime":null,"address":"ac-ateav8r-shard-00-01.ez5fmll.mongodb.net:27017","arbiters":[],"electionId":null,"error":{"beforeHandshake":false,"errorLabelSet":{}},"hosts":[],"iscryptd":false,"lastUpdateTime":312309508,"lastWriteDate":0,"logicalSessionTimeoutMinutes":null,"maxBsonObjectSize":null,"maxMessageSizeBytes":null,"maxWireVersion":0,"maxWriteBatchSize":null,"me":null,"minRoundTripTime":0,"minWireVersion":0,"passives":[],"primary":null,"roundTripTime":-1,"setName":null,"setVersion":null,"tags":{},"topologyVersion":null,"type":"Unknown"},"ac-ateav8r-shard-00-02.ez5fmll.mongodb.net:27017":{"$clusterTime":null,"address":"ac-ateav8r-shard-00-02.ez5fmll.mongodb.net:27017","arbiters":[],"electionId":null,"error":{"beforeHandshake":false,"errorLabelSet":{}},"hosts":[],"iscryptd":false,"lastUpdateTime":312303298,"lastWriteDate":0,"logicalSessionTimeoutMinutes":null,"maxBsonObjectSize":null,"maxMessageSizeBytes":null,"maxWireVersion":0,"maxWriteBatchSize":null,"me":null,"minRoundTripTime":0,"minWireVersion":0,"passives":[],"primary":null,"roundTripTime":-1,"setName":null,"setVersion":null,"tags":{},"topologyVersion":null,"type":"Unknown"}},"setName":"atlas-115dw2-shard-0","stale":false,"type":"ReplicaSetNoPrimary"},"stack":"MongoServerSelectionError: getaddrinfo ENOTFOUND ac-ateav8r-shard-00-02.ez5fmll.mongodb.net\n    at Topology.selectServer (E:\\Projects\\2025\\AMS\\server\\node_modules\\mongodb\\lib\\sdam\\topology.js:321:38)\n    at async tryOperation (E:\\Projects\\2025\\AMS\\server\\node_modules\\mongodb\\lib\\operations\\execute_operation.js:145:18)\n    at async executeOperation (E:\\Projects\\2025\\AMS\\server\\node_modules\\mongodb\\lib\\operations\\execute_operation.js:75:16)\n    at async AggregationCursor._initialize (E:\\Projects\\2025\\AMS\\server\\node_modules\\mongodb\\lib\\cursor\\aggregation_cursor.js:56:26)\n    at async AggregationCursor.cursorInit (E:\\Projects\\2025\\AMS\\server\\node_modules\\mongodb\\lib\\cursor\\abstract_cursor.js:633:27)\n    at async AggregationCursor.fetchBatch (E:\\Projects\\2025\\AMS\\server\\node_modules\\mongodb\\lib\\cursor\\abstract_cursor.js:667:13)\n    at async AggregationCursor.next (E:\\Projects\\2025\\AMS\\server\\node_modules\\mongodb\\lib\\cursor\\abstract_cursor.js:347:17)\n    at async [Symbol.asyncIterator] (E:\\Projects\\2025\\AMS\\server\\node_modules\\mongodb\\lib\\cursor\\abstract_cursor.js:255:34)\n    at async AggregationCursor.toArray (E:\\Projects\\2025\\AMS\\server\\node_modules\\mongodb\\lib\\cursor\\abstract_cursor.js:427:26)\n    at async Aggregate.exec (E:\\Projects\\2025\\AMS\\server\\node_modules\\mongoose\\lib\\aggregate.js:1104:14)","status":"error","statusCode":500,"timestamp":"2025-02-24T07:10:27.878Z"}
{"errorLabelSet":{},"level":"error","message":"getaddrinfo ENOTFOUND ac-ateav8r-shard-00-02.ez5fmll.mongodb.net","reason":{"commonWireVersion":0,"compatible":true,"heartbeatFrequencyMS":10000,"localThresholdMS":15,"logicalSessionTimeoutMinutes":null,"maxElectionId":{"$oid":"7fffffff00000000000000b0"},"maxSetVersion":188,"servers":{"ac-ateav8r-shard-00-00.ez5fmll.mongodb.net:27017":{"$clusterTime":null,"address":"ac-ateav8r-shard-00-00.ez5fmll.mongodb.net:27017","arbiters":[],"electionId":null,"error":{"beforeHandshake":false,"errorLabelSet":{}},"hosts":[],"iscryptd":false,"lastUpdateTime":312319544,"lastWriteDate":0,"logicalSessionTimeoutMinutes":null,"maxBsonObjectSize":null,"maxMessageSizeBytes":null,"maxWireVersion":0,"maxWriteBatchSize":null,"me":null,"minRoundTripTime":0,"minWireVersion":0,"passives":[],"primary":null,"roundTripTime":-1,"setName":null,"setVersion":null,"tags":{},"topologyVersion":null,"type":"Unknown"},"ac-ateav8r-shard-00-01.ez5fmll.mongodb.net:27017":{"$clusterTime":null,"address":"ac-ateav8r-shard-00-01.ez5fmll.mongodb.net:27017","arbiters":[],"electionId":null,"error":{"beforeHandshake":false,"errorLabelSet":{}},"hosts":[],"iscryptd":false,"lastUpdateTime":312309508,"lastWriteDate":0,"logicalSessionTimeoutMinutes":null,"maxBsonObjectSize":null,"maxMessageSizeBytes":null,"maxWireVersion":0,"maxWriteBatchSize":null,"me":null,"minRoundTripTime":0,"minWireVersion":0,"passives":[],"primary":null,"roundTripTime":-1,"setName":null,"setVersion":null,"tags":{},"topologyVersion":null,"type":"Unknown"},"ac-ateav8r-shard-00-02.ez5fmll.mongodb.net:27017":{"$clusterTime":null,"address":"ac-ateav8r-shard-00-02.ez5fmll.mongodb.net:27017","arbiters":[],"electionId":null,"error":{"beforeHandshake":false,"errorLabelSet":{}},"hosts":[],"iscryptd":false,"lastUpdateTime":312319544,"lastWriteDate":0,"logicalSessionTimeoutMinutes":null,"maxBsonObjectSize":null,"maxMessageSizeBytes":null,"maxWireVersion":0,"maxWriteBatchSize":null,"me":null,"minRoundTripTime":0,"minWireVersion":0,"passives":[],"primary":null,"roundTripTime":-1,"setName":null,"setVersion":null,"tags":{},"topologyVersion":null,"type":"Unknown"}},"setName":"atlas-115dw2-shard-0","stale":false,"type":"ReplicaSetNoPrimary"},"stack":"MongoServerSelectionError: getaddrinfo ENOTFOUND ac-ateav8r-shard-00-02.ez5fmll.mongodb.net\n    at Topology.selectServer (E:\\Projects\\2025\\AMS\\server\\node_modules\\mongodb\\lib\\sdam\\topology.js:321:38)\n    at async tryOperation (E:\\Projects\\2025\\AMS\\server\\node_modules\\mongodb\\lib\\operations\\execute_operation.js:145:18)\n    at async executeOperation (E:\\Projects\\2025\\AMS\\server\\node_modules\\mongodb\\lib\\operations\\execute_operation.js:75:16)\n    at async FindCursor._initialize (E:\\Projects\\2025\\AMS\\server\\node_modules\\mongodb\\lib\\cursor\\find_cursor.js:61:26)\n    at async FindCursor.cursorInit (E:\\Projects\\2025\\AMS\\server\\node_modules\\mongodb\\lib\\cursor\\abstract_cursor.js:633:27)\n    at async FindCursor.fetchBatch (E:\\Projects\\2025\\AMS\\server\\node_modules\\mongodb\\lib\\cursor\\abstract_cursor.js:667:13)\n    at async FindCursor.next (E:\\Projects\\2025\\AMS\\server\\node_modules\\mongodb\\lib\\cursor\\abstract_cursor.js:347:17)\n    at async [Symbol.asyncIterator] (E:\\Projects\\2025\\AMS\\server\\node_modules\\mongodb\\lib\\cursor\\abstract_cursor.js:255:34)\n    at async FindCursor.toArray (E:\\Projects\\2025\\AMS\\server\\node_modules\\mongodb\\lib\\cursor\\abstract_cursor.js:427:26)\n    at async model.Query._find (E:\\Projects\\2025\\AMS\\server\\node_modules\\mongoose\\lib\\query.js:2381:14)","status":"error","statusCode":500,"timestamp":"2025-02-24T07:10:35.459Z"}
{"errorLabelSet":{},"level":"error","message":"getaddrinfo ENOTFOUND ac-ateav8r-shard-00-02.ez5fmll.mongodb.net","reason":{"commonWireVersion":0,"compatible":true,"heartbeatFrequencyMS":10000,"localThresholdMS":15,"logicalSessionTimeoutMinutes":null,"maxElectionId":{"$oid":"7fffffff00000000000000b0"},"maxSetVersion":188,"servers":{"ac-ateav8r-shard-00-00.ez5fmll.mongodb.net:27017":{"$clusterTime":null,"address":"ac-ateav8r-shard-00-00.ez5fmll.mongodb.net:27017","arbiters":[],"electionId":null,"error":{"beforeHandshake":false,"errorLabelSet":{}},"hosts":[],"iscryptd":false,"lastUpdateTime":312794532,"lastWriteDate":0,"logicalSessionTimeoutMinutes":null,"maxBsonObjectSize":null,"maxMessageSizeBytes":null,"maxWireVersion":0,"maxWriteBatchSize":null,"me":null,"minRoundTripTime":0,"minWireVersion":0,"passives":[],"primary":null,"roundTripTime":-1,"setName":null,"setVersion":null,"tags":{},"topologyVersion":null,"type":"Unknown"},"ac-ateav8r-shard-00-01.ez5fmll.mongodb.net:27017":{"$clusterTime":null,"address":"ac-ateav8r-shard-00-01.ez5fmll.mongodb.net:27017","arbiters":[],"electionId":null,"error":{"beforeHandshake":false,"errorLabelSet":{}},"hosts":[],"iscryptd":false,"lastUpdateTime":312794531,"lastWriteDate":0,"logicalSessionTimeoutMinutes":null,"maxBsonObjectSize":null,"maxMessageSizeBytes":null,"maxWireVersion":0,"maxWriteBatchSize":null,"me":null,"minRoundTripTime":0,"minWireVersion":0,"passives":[],"primary":null,"roundTripTime":-1,"setName":null,"setVersion":null,"tags":{},"topologyVersion":null,"type":"Unknown"},"ac-ateav8r-shard-00-02.ez5fmll.mongodb.net:27017":{"$clusterTime":null,"address":"ac-ateav8r-shard-00-02.ez5fmll.mongodb.net:27017","arbiters":[],"electionId":null,"error":{"beforeHandshake":false,"errorLabelSet":{}},"hosts":[],"iscryptd":false,"lastUpdateTime":312794531,"lastWriteDate":0,"logicalSessionTimeoutMinutes":null,"maxBsonObjectSize":null,"maxMessageSizeBytes":null,"maxWireVersion":0,"maxWriteBatchSize":null,"me":null,"minRoundTripTime":0,"minWireVersion":0,"passives":[],"primary":null,"roundTripTime":-1,"setName":null,"setVersion":null,"tags":{},"topologyVersion":null,"type":"Unknown"}},"setName":"atlas-115dw2-shard-0","stale":false,"type":"ReplicaSetNoPrimary"},"stack":"MongoServerSelectionError: getaddrinfo ENOTFOUND ac-ateav8r-shard-00-02.ez5fmll.mongodb.net\n    at Topology.selectServer (E:\\Projects\\2025\\AMS\\server\\node_modules\\mongodb\\lib\\sdam\\topology.js:321:38)\n    at async tryOperation (E:\\Projects\\2025\\AMS\\server\\node_modules\\mongodb\\lib\\operations\\execute_operation.js:145:18)\n    at async executeOperation (E:\\Projects\\2025\\AMS\\server\\node_modules\\mongodb\\lib\\operations\\execute_operation.js:75:16)\n    at async FindCursor._initialize (E:\\Projects\\2025\\AMS\\server\\node_modules\\mongodb\\lib\\cursor\\find_cursor.js:61:26)\n    at async FindCursor.cursorInit (E:\\Projects\\2025\\AMS\\server\\node_modules\\mongodb\\lib\\cursor\\abstract_cursor.js:633:27)\n    at async FindCursor.fetchBatch (E:\\Projects\\2025\\AMS\\server\\node_modules\\mongodb\\lib\\cursor\\abstract_cursor.js:667:13)\n    at async FindCursor.next (E:\\Projects\\2025\\AMS\\server\\node_modules\\mongodb\\lib\\cursor\\abstract_cursor.js:347:17)\n    at async [Symbol.asyncIterator] (E:\\Projects\\2025\\AMS\\server\\node_modules\\mongodb\\lib\\cursor\\abstract_cursor.js:255:34)\n    at async FindCursor.toArray (E:\\Projects\\2025\\AMS\\server\\node_modules\\mongodb\\lib\\cursor\\abstract_cursor.js:427:26)\n    at async model.Query._find (E:\\Projects\\2025\\AMS\\server\\node_modules\\mongoose\\lib\\query.js:2381:14)","status":"error","statusCode":500,"timestamp":"2025-02-24T07:18:30.426Z"}
{"errorLabelSet":{},"level":"error","message":"getaddrinfo ENOTFOUND ac-ateav8r-shard-00-02.ez5fmll.mongodb.net","reason":{"commonWireVersion":0,"compatible":true,"heartbeatFrequencyMS":10000,"localThresholdMS":15,"logicalSessionTimeoutMinutes":null,"maxElectionId":{"$oid":"7fffffff00000000000000b0"},"maxSetVersion":188,"servers":{"ac-ateav8r-shard-00-00.ez5fmll.mongodb.net:27017":{"$clusterTime":null,"address":"ac-ateav8r-shard-00-00.ez5fmll.mongodb.net:27017","arbiters":[],"electionId":null,"error":{"beforeHandshake":false,"errorLabelSet":{}},"hosts":[],"iscryptd":false,"lastUpdateTime":312814395,"lastWriteDate":0,"logicalSessionTimeoutMinutes":null,"maxBsonObjectSize":null,"maxMessageSizeBytes":null,"maxWireVersion":0,"maxWriteBatchSize":null,"me":null,"minRoundTripTime":0,"minWireVersion":0,"passives":[],"primary":null,"roundTripTime":-1,"setName":null,"setVersion":null,"tags":{},"topologyVersion":null,"type":"Unknown"},"ac-ateav8r-shard-00-01.ez5fmll.mongodb.net:27017":{"$clusterTime":null,"address":"ac-ateav8r-shard-00-01.ez5fmll.mongodb.net:27017","arbiters":[],"electionId":null,"error":{"beforeHandshake":false,"errorLabelSet":{}},"hosts":[],"iscryptd":false,"lastUpdateTime":312810290,"lastWriteDate":0,"logicalSessionTimeoutMinutes":null,"maxBsonObjectSize":null,"maxMessageSizeBytes":null,"maxWireVersion":0,"maxWriteBatchSize":null,"me":null,"minRoundTripTime":0,"minWireVersion":0,"passives":[],"primary":null,"roundTripTime":-1,"setName":null,"setVersion":null,"tags":{},"topologyVersion":null,"type":"Unknown"},"ac-ateav8r-shard-00-02.ez5fmll.mongodb.net:27017":{"$clusterTime":null,"address":"ac-ateav8r-shard-00-02.ez5fmll.mongodb.net:27017","arbiters":[],"electionId":null,"error":{"beforeHandshake":false,"errorLabelSet":{}},"hosts":[],"iscryptd":false,"lastUpdateTime":312814395,"lastWriteDate":0,"logicalSessionTimeoutMinutes":null,"maxBsonObjectSize":null,"maxMessageSizeBytes":null,"maxWireVersion":0,"maxWriteBatchSize":null,"me":null,"minRoundTripTime":0,"minWireVersion":0,"passives":[],"primary":null,"roundTripTime":-1,"setName":null,"setVersion":null,"tags":{},"topologyVersion":null,"type":"Unknown"}},"setName":"atlas-115dw2-shard-0","stale":false,"type":"ReplicaSetNoPrimary"},"stack":"MongoServerSelectionError: getaddrinfo ENOTFOUND ac-ateav8r-shard-00-02.ez5fmll.mongodb.net\n    at Topology.selectServer (E:\\Projects\\2025\\AMS\\server\\node_modules\\mongodb\\lib\\sdam\\topology.js:321:38)\n    at async tryOperation (E:\\Projects\\2025\\AMS\\server\\node_modules\\mongodb\\lib\\operations\\execute_operation.js:145:18)\n    at async executeOperation (E:\\Projects\\2025\\AMS\\server\\node_modules\\mongodb\\lib\\operations\\execute_operation.js:75:16)\n    at async FindCursor._initialize (E:\\Projects\\2025\\AMS\\server\\node_modules\\mongodb\\lib\\cursor\\find_cursor.js:61:26)\n    at async FindCursor.cursorInit (E:\\Projects\\2025\\AMS\\server\\node_modules\\mongodb\\lib\\cursor\\abstract_cursor.js:633:27)\n    at async FindCursor.fetchBatch (E:\\Projects\\2025\\AMS\\server\\node_modules\\mongodb\\lib\\cursor\\abstract_cursor.js:667:13)\n    at async FindCursor.next (E:\\Projects\\2025\\AMS\\server\\node_modules\\mongodb\\lib\\cursor\\abstract_cursor.js:347:17)\n    at async [Symbol.asyncIterator] (E:\\Projects\\2025\\AMS\\server\\node_modules\\mongodb\\lib\\cursor\\abstract_cursor.js:255:34)\n    at async FindCursor.toArray (E:\\Projects\\2025\\AMS\\server\\node_modules\\mongodb\\lib\\cursor\\abstract_cursor.js:427:26)\n    at async model.Query._find (E:\\Projects\\2025\\AMS\\server\\node_modules\\mongoose\\lib\\query.js:2381:14)","status":"error","statusCode":500,"timestamp":"2025-02-24T07:18:50.450Z"}
{"errorLabelSet":{},"level":"error","message":"getaddrinfo ENOTFOUND ac-ateav8r-shard-00-02.ez5fmll.mongodb.net","reason":{"commonWireVersion":0,"compatible":true,"heartbeatFrequencyMS":10000,"localThresholdMS":15,"logicalSessionTimeoutMinutes":null,"maxElectionId":{"$oid":"7fffffff00000000000000b0"},"maxSetVersion":188,"servers":{"ac-ateav8r-shard-00-00.ez5fmll.mongodb.net:27017":{"$clusterTime":null,"address":"ac-ateav8r-shard-00-00.ez5fmll.mongodb.net:27017","arbiters":[],"electionId":null,"error":{"beforeHandshake":false,"errorLabelSet":{}},"hosts":[],"iscryptd":false,"lastUpdateTime":312824185,"lastWriteDate":0,"logicalSessionTimeoutMinutes":null,"maxBsonObjectSize":null,"maxMessageSizeBytes":null,"maxWireVersion":0,"maxWriteBatchSize":null,"me":null,"minRoundTripTime":0,"minWireVersion":0,"passives":[],"primary":null,"roundTripTime":-1,"setName":null,"setVersion":null,"tags":{},"topologyVersion":null,"type":"Unknown"},"ac-ateav8r-shard-00-01.ez5fmll.mongodb.net:27017":{"$clusterTime":null,"address":"ac-ateav8r-shard-00-01.ez5fmll.mongodb.net:27017","arbiters":[],"electionId":null,"error":{"beforeHandshake":false,"errorLabelSet":{}},"hosts":[],"iscryptd":false,"lastUpdateTime":312823948,"lastWriteDate":0,"logicalSessionTimeoutMinutes":null,"maxBsonObjectSize":null,"maxMessageSizeBytes":null,"maxWireVersion":0,"maxWriteBatchSize":null,"me":null,"minRoundTripTime":0,"minWireVersion":0,"passives":[],"primary":null,"roundTripTime":-1,"setName":null,"setVersion":null,"tags":{},"topologyVersion":null,"type":"Unknown"},"ac-ateav8r-shard-00-02.ez5fmll.mongodb.net:27017":{"$clusterTime":null,"address":"ac-ateav8r-shard-00-02.ez5fmll.mongodb.net:27017","arbiters":[],"electionId":null,"error":{"beforeHandshake":false,"errorLabelSet":{}},"hosts":[],"iscryptd":false,"lastUpdateTime":312824185,"lastWriteDate":0,"logicalSessionTimeoutMinutes":null,"maxBsonObjectSize":null,"maxMessageSizeBytes":null,"maxWireVersion":0,"maxWriteBatchSize":null,"me":null,"minRoundTripTime":0,"minWireVersion":0,"passives":[],"primary":null,"roundTripTime":-1,"setName":null,"setVersion":null,"tags":{},"topologyVersion":null,"type":"Unknown"}},"setName":"atlas-115dw2-shard-0","stale":false,"type":"ReplicaSetNoPrimary"},"stack":"MongoServerSelectionError: getaddrinfo ENOTFOUND ac-ateav8r-shard-00-02.ez5fmll.mongodb.net\n    at Topology.selectServer (E:\\Projects\\2025\\AMS\\server\\node_modules\\mongodb\\lib\\sdam\\topology.js:321:38)\n    at async tryOperation (E:\\Projects\\2025\\AMS\\server\\node_modules\\mongodb\\lib\\operations\\execute_operation.js:145:18)\n    at async executeOperation (E:\\Projects\\2025\\AMS\\server\\node_modules\\mongodb\\lib\\operations\\execute_operation.js:75:16)\n    at async AggregationCursor._initialize (E:\\Projects\\2025\\AMS\\server\\node_modules\\mongodb\\lib\\cursor\\aggregation_cursor.js:56:26)\n    at async AggregationCursor.cursorInit (E:\\Projects\\2025\\AMS\\server\\node_modules\\mongodb\\lib\\cursor\\abstract_cursor.js:633:27)\n    at async AggregationCursor.fetchBatch (E:\\Projects\\2025\\AMS\\server\\node_modules\\mongodb\\lib\\cursor\\abstract_cursor.js:667:13)\n    at async AggregationCursor.next (E:\\Projects\\2025\\AMS\\server\\node_modules\\mongodb\\lib\\cursor\\abstract_cursor.js:347:17)\n    at async [Symbol.asyncIterator] (E:\\Projects\\2025\\AMS\\server\\node_modules\\mongodb\\lib\\cursor\\abstract_cursor.js:255:34)\n    at async AggregationCursor.toArray (E:\\Projects\\2025\\AMS\\server\\node_modules\\mongodb\\lib\\cursor\\abstract_cursor.js:427:26)\n    at async Aggregate.exec (E:\\Projects\\2025\\AMS\\server\\node_modules\\mongoose\\lib\\aggregate.js:1104:14)","status":"error","statusCode":500,"timestamp":"2025-02-24T07:19:00.141Z"}
{"errorLabelSet":{},"level":"error","message":"getaddrinfo ENOTFOUND ac-ateav8r-shard-00-02.ez5fmll.mongodb.net","reason":{"commonWireVersion":0,"compatible":true,"heartbeatFrequencyMS":10000,"localThresholdMS":15,"logicalSessionTimeoutMinutes":null,"maxElectionId":{"$oid":"7fffffff00000000000000b0"},"maxSetVersion":188,"servers":{"ac-ateav8r-shard-00-00.ez5fmll.mongodb.net:27017":{"$clusterTime":null,"address":"ac-ateav8r-shard-00-00.ez5fmll.mongodb.net:27017","arbiters":[],"electionId":null,"error":{"beforeHandshake":false,"errorLabelSet":{}},"hosts":[],"iscryptd":false,"lastUpdateTime":312843836,"lastWriteDate":0,"logicalSessionTimeoutMinutes":null,"maxBsonObjectSize":null,"maxMessageSizeBytes":null,"maxWireVersion":0,"maxWriteBatchSize":null,"me":null,"minRoundTripTime":0,"minWireVersion":0,"passives":[],"primary":null,"roundTripTime":-1,"setName":null,"setVersion":null,"tags":{},"topologyVersion":null,"type":"Unknown"},"ac-ateav8r-shard-00-01.ez5fmll.mongodb.net:27017":{"$clusterTime":null,"address":"ac-ateav8r-shard-00-01.ez5fmll.mongodb.net:27017","arbiters":[],"electionId":null,"error":{"beforeHandshake":false,"errorLabelSet":{}},"hosts":[],"iscryptd":false,"lastUpdateTime":312843835,"lastWriteDate":0,"logicalSessionTimeoutMinutes":null,"maxBsonObjectSize":null,"maxMessageSizeBytes":null,"maxWireVersion":0,"maxWriteBatchSize":null,"me":null,"minRoundTripTime":0,"minWireVersion":0,"passives":[],"primary":null,"roundTripTime":-1,"setName":null,"setVersion":null,"tags":{},"topologyVersion":null,"type":"Unknown"},"ac-ateav8r-shard-00-02.ez5fmll.mongodb.net:27017":{"$clusterTime":null,"address":"ac-ateav8r-shard-00-02.ez5fmll.mongodb.net:27017","arbiters":[],"electionId":null,"error":{"beforeHandshake":false,"errorLabelSet":{}},"hosts":[],"iscryptd":false,"lastUpdateTime":312832936,"lastWriteDate":0,"logicalSessionTimeoutMinutes":null,"maxBsonObjectSize":null,"maxMessageSizeBytes":null,"maxWireVersion":0,"maxWriteBatchSize":null,"me":null,"minRoundTripTime":0,"minWireVersion":0,"passives":[],"primary":null,"roundTripTime":-1,"setName":null,"setVersion":null,"tags":{},"topologyVersion":null,"type":"Unknown"}},"setName":"atlas-115dw2-shard-0","stale":false,"type":"ReplicaSetNoPrimary"},"stack":"MongoServerSelectionError: getaddrinfo ENOTFOUND ac-ateav8r-shard-00-02.ez5fmll.mongodb.net\n    at Topology.selectServer (E:\\Projects\\2025\\AMS\\server\\node_modules\\mongodb\\lib\\sdam\\topology.js:321:38)\n    at async tryOperation (E:\\Projects\\2025\\AMS\\server\\node_modules\\mongodb\\lib\\operations\\execute_operation.js:145:18)\n    at async executeOperation (E:\\Projects\\2025\\AMS\\server\\node_modules\\mongodb\\lib\\operations\\execute_operation.js:75:16)\n    at async AggregationCursor._initialize (E:\\Projects\\2025\\AMS\\server\\node_modules\\mongodb\\lib\\cursor\\aggregation_cursor.js:56:26)\n    at async AggregationCursor.cursorInit (E:\\Projects\\2025\\AMS\\server\\node_modules\\mongodb\\lib\\cursor\\abstract_cursor.js:633:27)\n    at async AggregationCursor.fetchBatch (E:\\Projects\\2025\\AMS\\server\\node_modules\\mongodb\\lib\\cursor\\abstract_cursor.js:667:13)\n    at async AggregationCursor.next (E:\\Projects\\2025\\AMS\\server\\node_modules\\mongodb\\lib\\cursor\\abstract_cursor.js:347:17)\n    at async [Symbol.asyncIterator] (E:\\Projects\\2025\\AMS\\server\\node_modules\\mongodb\\lib\\cursor\\abstract_cursor.js:255:34)\n    at async AggregationCursor.toArray (E:\\Projects\\2025\\AMS\\server\\node_modules\\mongodb\\lib\\cursor\\abstract_cursor.js:427:26)\n    at async Aggregate.exec (E:\\Projects\\2025\\AMS\\server\\node_modules\\mongoose\\lib\\aggregate.js:1104:14)","status":"error","statusCode":500,"timestamp":"2025-02-24T07:19:20.145Z"}
{"errorLabelSet":{},"level":"error","message":"getaddrinfo ENOTFOUND ac-ateav8r-shard-00-02.ez5fmll.mongodb.net","reason":{"commonWireVersion":0,"compatible":true,"heartbeatFrequencyMS":10000,"localThresholdMS":15,"logicalSessionTimeoutMinutes":null,"maxElectionId":{"$oid":"7fffffff00000000000000b0"},"maxSetVersion":188,"servers":{"ac-ateav8r-shard-00-00.ez5fmll.mongodb.net:27017":{"$clusterTime":null,"address":"ac-ateav8r-shard-00-00.ez5fmll.mongodb.net:27017","arbiters":[],"electionId":null,"error":{"beforeHandshake":false,"errorLabelSet":{}},"hosts":[],"iscryptd":false,"lastUpdateTime":313710689,"lastWriteDate":0,"logicalSessionTimeoutMinutes":null,"maxBsonObjectSize":null,"maxMessageSizeBytes":null,"maxWireVersion":0,"maxWriteBatchSize":null,"me":null,"minRoundTripTime":0,"minWireVersion":0,"passives":[],"primary":null,"roundTripTime":-1,"setName":null,"setVersion":null,"tags":{},"topologyVersion":null,"type":"Unknown"},"ac-ateav8r-shard-00-01.ez5fmll.mongodb.net:27017":{"$clusterTime":null,"address":"ac-ateav8r-shard-00-01.ez5fmll.mongodb.net:27017","arbiters":[],"electionId":null,"error":{"beforeHandshake":false,"errorLabelSet":{}},"hosts":[],"iscryptd":false,"lastUpdateTime":313710688,"lastWriteDate":0,"logicalSessionTimeoutMinutes":null,"maxBsonObjectSize":null,"maxMessageSizeBytes":null,"maxWireVersion":0,"maxWriteBatchSize":null,"me":null,"minRoundTripTime":0,"minWireVersion":0,"passives":[],"primary":null,"roundTripTime":-1,"setName":null,"setVersion":null,"tags":{},"topologyVersion":null,"type":"Unknown"},"ac-ateav8r-shard-00-02.ez5fmll.mongodb.net:27017":{"$clusterTime":null,"address":"ac-ateav8r-shard-00-02.ez5fmll.mongodb.net:27017","arbiters":[],"electionId":null,"error":{"beforeHandshake":false,"errorLabelSet":{}},"hosts":[],"iscryptd":false,"lastUpdateTime":313710688,"lastWriteDate":0,"logicalSessionTimeoutMinutes":null,"maxBsonObjectSize":null,"maxMessageSizeBytes":null,"maxWireVersion":0,"maxWriteBatchSize":null,"me":null,"minRoundTripTime":0,"minWireVersion":0,"passives":[],"primary":null,"roundTripTime":-1,"setName":null,"setVersion":null,"tags":{},"topologyVersion":null,"type":"Unknown"}},"setName":"atlas-115dw2-shard-0","stale":false,"type":"ReplicaSetNoPrimary"},"stack":"MongoServerSelectionError: getaddrinfo ENOTFOUND ac-ateav8r-shard-00-02.ez5fmll.mongodb.net\n    at Topology.selectServer (E:\\Projects\\2025\\AMS\\server\\node_modules\\mongodb\\lib\\sdam\\topology.js:321:38)\n    at async tryOperation (E:\\Projects\\2025\\AMS\\server\\node_modules\\mongodb\\lib\\operations\\execute_operation.js:145:18)\n    at async executeOperation (E:\\Projects\\2025\\AMS\\server\\node_modules\\mongodb\\lib\\operations\\execute_operation.js:75:16)\n    at async AggregationCursor._initialize (E:\\Projects\\2025\\AMS\\server\\node_modules\\mongodb\\lib\\cursor\\aggregation_cursor.js:56:26)\n    at async AggregationCursor.cursorInit (E:\\Projects\\2025\\AMS\\server\\node_modules\\mongodb\\lib\\cursor\\abstract_cursor.js:633:27)\n    at async AggregationCursor.fetchBatch (E:\\Projects\\2025\\AMS\\server\\node_modules\\mongodb\\lib\\cursor\\abstract_cursor.js:667:13)\n    at async AggregationCursor.next (E:\\Projects\\2025\\AMS\\server\\node_modules\\mongodb\\lib\\cursor\\abstract_cursor.js:347:17)\n    at async [Symbol.asyncIterator] (E:\\Projects\\2025\\AMS\\server\\node_modules\\mongodb\\lib\\cursor\\abstract_cursor.js:255:34)\n    at async AggregationCursor.toArray (E:\\Projects\\2025\\AMS\\server\\node_modules\\mongodb\\lib\\cursor\\abstract_cursor.js:427:26)\n    at async Aggregate.exec (E:\\Projects\\2025\\AMS\\server\\node_modules\\mongoose\\lib\\aggregate.js:1104:14)","status":"error","statusCode":500,"timestamp":"2025-02-24T07:33:46.630Z"}
{"errorLabelSet":{},"level":"error","message":"getaddrinfo ENOTFOUND ac-ateav8r-shard-00-02.ez5fmll.mongodb.net","reason":{"commonWireVersion":0,"compatible":true,"heartbeatFrequencyMS":10000,"localThresholdMS":15,"logicalSessionTimeoutMinutes":null,"maxElectionId":{"$oid":"7fffffff00000000000000b0"},"maxSetVersion":188,"servers":{"ac-ateav8r-shard-00-00.ez5fmll.mongodb.net:27017":{"$clusterTime":null,"address":"ac-ateav8r-shard-00-00.ez5fmll.mongodb.net:27017","arbiters":[],"electionId":null,"error":{"beforeHandshake":false,"errorLabelSet":{}},"hosts":[],"iscryptd":false,"lastUpdateTime":313730533,"lastWriteDate":0,"logicalSessionTimeoutMinutes":null,"maxBsonObjectSize":null,"maxMessageSizeBytes":null,"maxWireVersion":0,"maxWriteBatchSize":null,"me":null,"minRoundTripTime":0,"minWireVersion":0,"passives":[],"primary":null,"roundTripTime":-1,"setName":null,"setVersion":null,"tags":{},"topologyVersion":null,"type":"Unknown"},"ac-ateav8r-shard-00-01.ez5fmll.mongodb.net:27017":{"$clusterTime":null,"address":"ac-ateav8r-shard-00-01.ez5fmll.mongodb.net:27017","arbiters":[],"electionId":null,"error":{"beforeHandshake":false,"errorLabelSet":{}},"hosts":[],"iscryptd":false,"lastUpdateTime":313730532,"lastWriteDate":0,"logicalSessionTimeoutMinutes":null,"maxBsonObjectSize":null,"maxMessageSizeBytes":null,"maxWireVersion":0,"maxWriteBatchSize":null,"me":null,"minRoundTripTime":0,"minWireVersion":0,"passives":[],"primary":null,"roundTripTime":-1,"setName":null,"setVersion":null,"tags":{},"topologyVersion":null,"type":"Unknown"},"ac-ateav8r-shard-00-02.ez5fmll.mongodb.net:27017":{"$clusterTime":null,"address":"ac-ateav8r-shard-00-02.ez5fmll.mongodb.net:27017","arbiters":[],"electionId":null,"error":{"beforeHandshake":false,"errorLabelSet":{}},"hosts":[],"iscryptd":false,"lastUpdateTime":313730531,"lastWriteDate":0,"logicalSessionTimeoutMinutes":null,"maxBsonObjectSize":null,"maxMessageSizeBytes":null,"maxWireVersion":0,"maxWriteBatchSize":null,"me":null,"minRoundTripTime":0,"minWireVersion":0,"passives":[],"primary":null,"roundTripTime":-1,"setName":null,"setVersion":null,"tags":{},"topologyVersion":null,"type":"Unknown"}},"setName":"atlas-115dw2-shard-0","stale":false,"type":"ReplicaSetNoPrimary"},"stack":"MongoServerSelectionError: getaddrinfo ENOTFOUND ac-ateav8r-shard-00-02.ez5fmll.mongodb.net\n    at Topology.selectServer (E:\\Projects\\2025\\AMS\\server\\node_modules\\mongodb\\lib\\sdam\\topology.js:321:38)\n    at async tryOperation (E:\\Projects\\2025\\AMS\\server\\node_modules\\mongodb\\lib\\operations\\execute_operation.js:145:18)\n    at async executeOperation (E:\\Projects\\2025\\AMS\\server\\node_modules\\mongodb\\lib\\operations\\execute_operation.js:75:16)\n    at async AggregationCursor._initialize (E:\\Projects\\2025\\AMS\\server\\node_modules\\mongodb\\lib\\cursor\\aggregation_cursor.js:56:26)\n    at async AggregationCursor.cursorInit (E:\\Projects\\2025\\AMS\\server\\node_modules\\mongodb\\lib\\cursor\\abstract_cursor.js:633:27)\n    at async AggregationCursor.fetchBatch (E:\\Projects\\2025\\AMS\\server\\node_modules\\mongodb\\lib\\cursor\\abstract_cursor.js:667:13)\n    at async AggregationCursor.next (E:\\Projects\\2025\\AMS\\server\\node_modules\\mongodb\\lib\\cursor\\abstract_cursor.js:347:17)\n    at async [Symbol.asyncIterator] (E:\\Projects\\2025\\AMS\\server\\node_modules\\mongodb\\lib\\cursor\\abstract_cursor.js:255:34)\n    at async AggregationCursor.toArray (E:\\Projects\\2025\\AMS\\server\\node_modules\\mongodb\\lib\\cursor\\abstract_cursor.js:427:26)\n    at async Aggregate.exec (E:\\Projects\\2025\\AMS\\server\\node_modules\\mongoose\\lib\\aggregate.js:1104:14)","status":"error","statusCode":500,"timestamp":"2025-02-24T07:34:06.647Z"}
{"errorLabelSet":{},"level":"error","message":"getaddrinfo ENOTFOUND ac-ateav8r-shard-00-02.ez5fmll.mongodb.net","reason":{"commonWireVersion":0,"compatible":true,"heartbeatFrequencyMS":10000,"localThresholdMS":15,"logicalSessionTimeoutMinutes":null,"maxElectionId":{"$oid":"7fffffff00000000000000b0"},"maxSetVersion":188,"servers":{"ac-ateav8r-shard-00-00.ez5fmll.mongodb.net:27017":{"$clusterTime":null,"address":"ac-ateav8r-shard-00-00.ez5fmll.mongodb.net:27017","arbiters":[],"electionId":null,"error":{"beforeHandshake":false,"errorLabelSet":{}},"hosts":[],"iscryptd":false,"lastUpdateTime":313924795,"lastWriteDate":0,"logicalSessionTimeoutMinutes":null,"maxBsonObjectSize":null,"maxMessageSizeBytes":null,"maxWireVersion":0,"maxWriteBatchSize":null,"me":null,"minRoundTripTime":0,"minWireVersion":0,"passives":[],"primary":null,"roundTripTime":-1,"setName":null,"setVersion":null,"tags":{},"topologyVersion":null,"type":"Unknown"},"ac-ateav8r-shard-00-01.ez5fmll.mongodb.net:27017":{"$clusterTime":null,"address":"ac-ateav8r-shard-00-01.ez5fmll.mongodb.net:27017","arbiters":[],"electionId":null,"error":{"beforeHandshake":false,"errorLabelSet":{}},"hosts":[],"iscryptd":false,"lastUpdateTime":313924796,"lastWriteDate":0,"logicalSessionTimeoutMinutes":null,"maxBsonObjectSize":null,"maxMessageSizeBytes":null,"maxWireVersion":0,"maxWriteBatchSize":null,"me":null,"minRoundTripTime":0,"minWireVersion":0,"passives":[],"primary":null,"roundTripTime":-1,"setName":null,"setVersion":null,"tags":{},"topologyVersion":null,"type":"Unknown"},"ac-ateav8r-shard-00-02.ez5fmll.mongodb.net:27017":{"$clusterTime":null,"address":"ac-ateav8r-shard-00-02.ez5fmll.mongodb.net:27017","arbiters":[],"electionId":null,"error":{"beforeHandshake":false,"errorLabelSet":{}},"hosts":[],"iscryptd":false,"lastUpdateTime":313924796,"lastWriteDate":0,"logicalSessionTimeoutMinutes":null,"maxBsonObjectSize":null,"maxMessageSizeBytes":null,"maxWireVersion":0,"maxWriteBatchSize":null,"me":null,"minRoundTripTime":0,"minWireVersion":0,"passives":[],"primary":null,"roundTripTime":-1,"setName":null,"setVersion":null,"tags":{},"topologyVersion":null,"type":"Unknown"}},"setName":"atlas-115dw2-shard-0","stale":false,"type":"ReplicaSetNoPrimary"},"stack":"MongoServerSelectionError: getaddrinfo ENOTFOUND ac-ateav8r-shard-00-02.ez5fmll.mongodb.net\n    at Topology.selectServer (E:\\Projects\\2025\\AMS\\server\\node_modules\\mongodb\\lib\\sdam\\topology.js:321:38)\n    at async tryOperation (E:\\Projects\\2025\\AMS\\server\\node_modules\\mongodb\\lib\\operations\\execute_operation.js:145:18)\n    at async executeOperation (E:\\Projects\\2025\\AMS\\server\\node_modules\\mongodb\\lib\\operations\\execute_operation.js:75:16)\n    at async AggregationCursor._initialize (E:\\Projects\\2025\\AMS\\server\\node_modules\\mongodb\\lib\\cursor\\aggregation_cursor.js:56:26)\n    at async AggregationCursor.cursorInit (E:\\Projects\\2025\\AMS\\server\\node_modules\\mongodb\\lib\\cursor\\abstract_cursor.js:633:27)\n    at async AggregationCursor.fetchBatch (E:\\Projects\\2025\\AMS\\server\\node_modules\\mongodb\\lib\\cursor\\abstract_cursor.js:667:13)\n    at async AggregationCursor.next (E:\\Projects\\2025\\AMS\\server\\node_modules\\mongodb\\lib\\cursor\\abstract_cursor.js:347:17)\n    at async [Symbol.asyncIterator] (E:\\Projects\\2025\\AMS\\server\\node_modules\\mongodb\\lib\\cursor\\abstract_cursor.js:255:34)\n    at async AggregationCursor.toArray (E:\\Projects\\2025\\AMS\\server\\node_modules\\mongodb\\lib\\cursor\\abstract_cursor.js:427:26)\n    at async Aggregate.exec (E:\\Projects\\2025\\AMS\\server\\node_modules\\mongoose\\lib\\aggregate.js:1104:14)","status":"error","statusCode":500,"timestamp":"2025-02-24T07:37:23.592Z"}
{"errorLabelSet":{},"level":"error","message":"getaddrinfo ENOTFOUND ac-ateav8r-shard-00-02.ez5fmll.mongodb.net","reason":{"commonWireVersion":0,"compatible":true,"heartbeatFrequencyMS":10000,"localThresholdMS":15,"logicalSessionTimeoutMinutes":null,"maxElectionId":{"$oid":"7fffffff00000000000000b0"},"maxSetVersion":188,"servers":{"ac-ateav8r-shard-00-00.ez5fmll.mongodb.net:27017":{"$clusterTime":null,"address":"ac-ateav8r-shard-00-00.ez5fmll.mongodb.net:27017","arbiters":[],"electionId":null,"error":{"beforeHandshake":false,"errorLabelSet":{}},"hosts":[],"iscryptd":false,"lastUpdateTime":313947739,"lastWriteDate":0,"logicalSessionTimeoutMinutes":null,"maxBsonObjectSize":null,"maxMessageSizeBytes":null,"maxWireVersion":0,"maxWriteBatchSize":null,"me":null,"minRoundTripTime":0,"minWireVersion":0,"passives":[],"primary":null,"roundTripTime":-1,"setName":null,"setVersion":null,"tags":{},"topologyVersion":null,"type":"Unknown"},"ac-ateav8r-shard-00-01.ez5fmll.mongodb.net:27017":{"$clusterTime":null,"address":"ac-ateav8r-shard-00-01.ez5fmll.mongodb.net:27017","arbiters":[],"electionId":null,"error":{"beforeHandshake":false,"errorLabelSet":{}},"hosts":[],"iscryptd":false,"lastUpdateTime":313947739,"lastWriteDate":0,"logicalSessionTimeoutMinutes":null,"maxBsonObjectSize":null,"maxMessageSizeBytes":null,"maxWireVersion":0,"maxWriteBatchSize":null,"me":null,"minRoundTripTime":0,"minWireVersion":0,"passives":[],"primary":null,"roundTripTime":-1,"setName":null,"setVersion":null,"tags":{},"topologyVersion":null,"type":"Unknown"},"ac-ateav8r-shard-00-02.ez5fmll.mongodb.net:27017":{"$clusterTime":null,"address":"ac-ateav8r-shard-00-02.ez5fmll.mongodb.net:27017","arbiters":[],"electionId":null,"error":{"beforeHandshake":false,"errorLabelSet":{}},"hosts":[],"iscryptd":false,"lastUpdateTime":313947227,"lastWriteDate":0,"logicalSessionTimeoutMinutes":null,"maxBsonObjectSize":null,"maxMessageSizeBytes":null,"maxWireVersion":0,"maxWriteBatchSize":null,"me":null,"minRoundTripTime":0,"minWireVersion":0,"passives":[],"primary":null,"roundTripTime":-1,"setName":null,"setVersion":null,"tags":{},"topologyVersion":null,"type":"Unknown"}},"setName":"atlas-115dw2-shard-0","stale":false,"type":"ReplicaSetNoPrimary"},"stack":"MongoServerSelectionError: getaddrinfo ENOTFOUND ac-ateav8r-shard-00-02.ez5fmll.mongodb.net\n    at Topology.selectServer (E:\\Projects\\2025\\AMS\\server\\node_modules\\mongodb\\lib\\sdam\\topology.js:321:38)\n    at async tryOperation (E:\\Projects\\2025\\AMS\\server\\node_modules\\mongodb\\lib\\operations\\execute_operation.js:145:18)\n    at async executeOperation (E:\\Projects\\2025\\AMS\\server\\node_modules\\mongodb\\lib\\operations\\execute_operation.js:75:16)\n    at async AggregationCursor._initialize (E:\\Projects\\2025\\AMS\\server\\node_modules\\mongodb\\lib\\cursor\\aggregation_cursor.js:56:26)\n    at async AggregationCursor.cursorInit (E:\\Projects\\2025\\AMS\\server\\node_modules\\mongodb\\lib\\cursor\\abstract_cursor.js:633:27)\n    at async AggregationCursor.fetchBatch (E:\\Projects\\2025\\AMS\\server\\node_modules\\mongodb\\lib\\cursor\\abstract_cursor.js:667:13)\n    at async AggregationCursor.next (E:\\Projects\\2025\\AMS\\server\\node_modules\\mongodb\\lib\\cursor\\abstract_cursor.js:347:17)\n    at async [Symbol.asyncIterator] (E:\\Projects\\2025\\AMS\\server\\node_modules\\mongodb\\lib\\cursor\\abstract_cursor.js:255:34)\n    at async AggregationCursor.toArray (E:\\Projects\\2025\\AMS\\server\\node_modules\\mongodb\\lib\\cursor\\abstract_cursor.js:427:26)\n    at async Aggregate.exec (E:\\Projects\\2025\\AMS\\server\\node_modules\\mongoose\\lib\\aggregate.js:1104:14)","status":"error","statusCode":500,"timestamp":"2025-02-24T07:37:43.597Z"}
{"level":"warn","message":"MongoDB connection disconnected","timestamp":"2025-02-24T13:24:34.146Z"}
{"level":"info","message":"MongoDB connection established","timestamp":"2025-02-24T13:24:34.491Z"}
{"level":"warn","message":"MongoDB connection disconnected","timestamp":"2025-02-24T16:33:22.383Z"}
{"level":"info","message":"MongoDB connection established","timestamp":"2025-02-24T16:33:33.642Z"}
{"level":"warn","message":"MongoDB connection disconnected","timestamp":"2025-02-24T17:52:52.457Z"}
{"level":"info","message":"MongoDB connection established","timestamp":"2025-02-24T17:52:53.205Z"}
{"level":"warn","message":"MongoDB connection disconnected","timestamp":"2025-02-24T18:05:34.971Z"}
{"level":"info","message":"MongoDB connection established","timestamp":"2025-02-24T18:05:35.533Z"}
{"level":"warn","message":"MongoDB connection disconnected","timestamp":"2025-02-24T18:23:38.643Z"}
{"level":"info","message":"MongoDB connection established","timestamp":"2025-02-25T07:10:50.407Z"}
{"level":"warn","message":"MongoDB connection disconnected","timestamp":"2025-02-25T07:13:21.736Z"}
{"level":"info","message":"MongoDB connection established","timestamp":"2025-02-25T07:13:21.754Z"}
{"level":"warn","message":"MongoDB connection disconnected","timestamp":"2025-02-25T10:30:52.976Z"}
{"level":"info","message":"MongoDB connection established","timestamp":"2025-02-25T10:30:53.354Z"}
{"level":"warn","message":"MongoDB connection disconnected","timestamp":"2025-02-25T11:38:47.753Z"}
{"level":"info","message":"MongoDB connection established","timestamp":"2025-02-25T11:38:47.761Z"}
{"level":"warn","message":"MongoDB connection disconnected","timestamp":"2025-02-25T13:40:49.213Z"}
{"level":"info","message":"MongoDB connection established","timestamp":"2025-02-25T13:40:49.982Z"}
{"level":"warn","message":"MongoDB connection disconnected","timestamp":"2025-02-25T15:46:33.048Z"}
{"level":"info","message":"MongoDB connection established","timestamp":"2025-02-25T15:58:25.406Z"}
{"level":"warn","message":"MongoDB connection disconnected","timestamp":"2025-02-28T11:56:36.404Z"}
{"level":"info","message":"MongoDB connection established","timestamp":"2025-02-28T11:57:13.850Z"}
{"level":"info","message":"MongoDB connection established","timestamp":"2025-03-13T05:41:31.526Z"}
{"level":"info","message":"MongoDB connection established","timestamp":"2025-03-13T05:41:41.233Z"}
{"level":"error","message":"res is not defined","stack":"ReferenceError: res is not defined\n    at C:\\Users\\hp\\OneDrive\\Desktop\\makaut\\AMS\\server\\routes\\adminRoutes.js:9:5\n    at Layer.handle [as handle_request] (C:\\Users\\hp\\OneDrive\\Desktop\\makaut\\AMS\\server\\node_modules\\express\\lib\\router\\layer.js:95:5)\n    at next (C:\\Users\\hp\\OneDrive\\Desktop\\makaut\\AMS\\server\\node_modules\\express\\lib\\router\\route.js:149:13)\n    at Route.dispatch (C:\\Users\\hp\\OneDrive\\Desktop\\makaut\\AMS\\server\\node_modules\\express\\lib\\router\\route.js:119:3)\n    at Layer.handle [as handle_request] (C:\\Users\\hp\\OneDrive\\Desktop\\makaut\\AMS\\server\\node_modules\\express\\lib\\router\\layer.js:95:5)\n    at C:\\Users\\hp\\OneDrive\\Desktop\\makaut\\AMS\\server\\node_modules\\express\\lib\\router\\index.js:284:15\n    at Function.process_params (C:\\Users\\hp\\OneDrive\\Desktop\\makaut\\AMS\\server\\node_modules\\express\\lib\\router\\index.js:346:12)\n    at next (C:\\Users\\hp\\OneDrive\\Desktop\\makaut\\AMS\\server\\node_modules\\express\\lib\\router\\index.js:280:10)\n    at Function.handle (C:\\Users\\hp\\OneDrive\\Desktop\\makaut\\AMS\\server\\node_modules\\express\\lib\\router\\index.js:175:3)\n    at router (C:\\Users\\hp\\OneDrive\\Desktop\\makaut\\AMS\\server\\node_modules\\express\\lib\\router\\index.js:47:12)","status":"error","statusCode":500,"timestamp":"2025-03-13T05:43:11.486Z"}
{"level":"error","message":"res is not defined","stack":"ReferenceError: res is not defined\n    at C:\\Users\\hp\\OneDrive\\Desktop\\makaut\\AMS\\server\\routes\\adminRoutes.js:9:5\n    at Layer.handle [as handle_request] (C:\\Users\\hp\\OneDrive\\Desktop\\makaut\\AMS\\server\\node_modules\\express\\lib\\router\\layer.js:95:5)\n    at next (C:\\Users\\hp\\OneDrive\\Desktop\\makaut\\AMS\\server\\node_modules\\express\\lib\\router\\route.js:149:13)\n    at Route.dispatch (C:\\Users\\hp\\OneDrive\\Desktop\\makaut\\AMS\\server\\node_modules\\express\\lib\\router\\route.js:119:3)\n    at Layer.handle [as handle_request] (C:\\Users\\hp\\OneDrive\\Desktop\\makaut\\AMS\\server\\node_modules\\express\\lib\\router\\layer.js:95:5)\n    at C:\\Users\\hp\\OneDrive\\Desktop\\makaut\\AMS\\server\\node_modules\\express\\lib\\router\\index.js:284:15\n    at Function.process_params (C:\\Users\\hp\\OneDrive\\Desktop\\makaut\\AMS\\server\\node_modules\\express\\lib\\router\\index.js:346:12)\n    at next (C:\\Users\\hp\\OneDrive\\Desktop\\makaut\\AMS\\server\\node_modules\\express\\lib\\router\\index.js:280:10)\n    at Function.handle (C:\\Users\\hp\\OneDrive\\Desktop\\makaut\\AMS\\server\\node_modules\\express\\lib\\router\\index.js:175:3)\n    at router (C:\\Users\\hp\\OneDrive\\Desktop\\makaut\\AMS\\server\\node_modules\\express\\lib\\router\\index.js:47:12)","status":"error","statusCode":500,"timestamp":"2025-03-13T05:45:18.480Z"}
{"level":"error","message":"res is not defined","stack":"ReferenceError: res is not defined\n    at C:\\Users\\hp\\OneDrive\\Desktop\\makaut\\AMS\\server\\routes\\adminRoutes.js:9:5\n    at Layer.handle [as handle_request] (C:\\Users\\hp\\OneDrive\\Desktop\\makaut\\AMS\\server\\node_modules\\express\\lib\\router\\layer.js:95:5)\n    at next (C:\\Users\\hp\\OneDrive\\Desktop\\makaut\\AMS\\server\\node_modules\\express\\lib\\router\\route.js:149:13)\n    at Route.dispatch (C:\\Users\\hp\\OneDrive\\Desktop\\makaut\\AMS\\server\\node_modules\\express\\lib\\router\\route.js:119:3)\n    at Layer.handle [as handle_request] (C:\\Users\\hp\\OneDrive\\Desktop\\makaut\\AMS\\server\\node_modules\\express\\lib\\router\\layer.js:95:5)\n    at C:\\Users\\hp\\OneDrive\\Desktop\\makaut\\AMS\\server\\node_modules\\express\\lib\\router\\index.js:284:15\n    at Function.process_params (C:\\Users\\hp\\OneDrive\\Desktop\\makaut\\AMS\\server\\node_modules\\express\\lib\\router\\index.js:346:12)\n    at next (C:\\Users\\hp\\OneDrive\\Desktop\\makaut\\AMS\\server\\node_modules\\express\\lib\\router\\index.js:280:10)\n    at Function.handle (C:\\Users\\hp\\OneDrive\\Desktop\\makaut\\AMS\\server\\node_modules\\express\\lib\\router\\index.js:175:3)\n    at router (C:\\Users\\hp\\OneDrive\\Desktop\\makaut\\AMS\\server\\node_modules\\express\\lib\\router\\index.js:47:12)","status":"error","statusCode":500,"timestamp":"2025-03-13T05:48:24.838Z"}
